This file contains any messages produced by compilers while
running configure, to aid debugging if configure makes a mistake.

It was created by PCRE configure 8.45, which was
generated by GNU Autoconf 2.71.  Invocation command line was

  $ ./configure --enable-utf8

## --------- ##
## Platform. ##
## --------- ##

hostname = Thomass-MacBook-Pro.local
uname -m = arm64
uname -r = 22.2.0
uname -s = Darwin
uname -v = Darwin Kernel Version 22.2.0: Fri Nov 11 02:03:51 PST 2022; root:xnu-8792.61.2~4/RELEASE_ARM64_T6000

/usr/bin/uname -p = arm
/bin/uname -X     = unknown

/bin/arch              = unknown
/usr/bin/arch -k       = unknown
/usr/convex/getsysinfo = unknown
/usr/bin/hostinfo      = Mach kernel version:
	 Darwin Kernel Version 22.2.0: Fri Nov 11 02:03:51 PST 2022; root:xnu-8792.61.2~4/RELEASE_ARM64_T6000
Kernel configured for up to 10 processors.
10 processors are physically available.
10 processors are logically available.
Processor type: arm64e (ARM64E)
Processors active: 0 1 2 3 4 5 6 7 8 9
Primary memory available: 16.00 gigabytes
Default processor set: 495 tasks, 4021 threads, 10 processors
Load average: 22.18, Mach factor: 2.31
/bin/machine           = unknown
/usr/bin/oslevel       = unknown
/bin/universe          = unknown

PATH: /Users/tpetr/work/r2c/pcre-ocaml-js/.emscripten-cache/sysroot/bin/
PATH: /opt/homebrew/opt/node@16/bin/
PATH: /Users/tpetr/.opam/ocaml-base-compiler.4.13.0/bin/
PATH: /Users/tpetr/work/r2c/emsdk/
PATH: /Users/tpetr/work/r2c/emsdk/upstream/emscripten/
PATH: /Users/tpetr/work/r2c/emsdk/node/14.18.2_64bit/bin/
PATH: /opt/homebrew/bin/
PATH: /opt/homebrew/sbin/
PATH: /usr/local/bin/
PATH: /System/Cryptexes/App/usr/bin/
PATH: /usr/bin/
PATH: /bin/
PATH: /usr/sbin/
PATH: /sbin/
PATH: /Applications/Wireshark.app/Contents/MacOS/
PATH: /Users/tpetr/Library/Application Support/JetBrains/Toolbox/scripts/
PATH: /Users/tpetr/.local/bin/
PATH: /Users/tpetr/.local/bin/


## ----------- ##
## Core tests. ##
## ----------- ##

configure:3087: looking for aux files: ltmain.sh config.guess config.sub compile ar-lib missing install-sh
configure:3100:  trying ./
configure:3129:   ./ltmain.sh found
configure:3129:   ./config.guess found
configure:3129:   ./config.sub found
configure:3129:   ./compile found
configure:3129:   ./ar-lib found
configure:3129:   ./missing found
configure:3111:   ./install-sh found
configure:3259: checking for a BSD-compatible install
configure:3332: result: /usr/bin/install -c
configure:3343: checking whether build environment is sane
configure:3398: result: yes
configure:3557: checking for a race-free mkdir -p
configure:3601: result: ./install-sh -c -d
configure:3608: checking for gawk
configure:3643: result: no
configure:3608: checking for mawk
configure:3643: result: no
configure:3608: checking for nawk
configure:3643: result: no
configure:3608: checking for awk
configure:3629: found /usr/bin/awk
configure:3640: result: awk
configure:3651: checking whether make sets $(MAKE)
configure:3674: result: yes
configure:3704: checking whether make supports nested variables
configure:3722: result: yes
configure:3856: checking whether make supports nested variables
configure:3874: result: yes
configure:3902: checking whether make supports the include directive
configure:3917: make -f confmf.GNU && cat confinc.out
this is the am__doit target
configure:3920: $? = 0
configure:3939: result: yes (GNU style)
configure:4015: checking for gcc
configure:4047: result: /Users/tpetr/work/r2c/emsdk/upstream/emscripten/emcc
configure:4400: checking for C compiler version
configure:4409: /Users/tpetr/work/r2c/emsdk/upstream/emscripten/emcc --version >&5
emcc (Emscripten gcc/clang-like replacement + linker emulating GNU ld) 3.1.28 (f11d6196dd4e8748a726f19895c859b40ff6a4f3)
Copyright (C) 2014 the Emscripten authors (see AUTHORS.txt)
This is free and open source software under the MIT license.
There is NO warranty; not even for MERCHANTABILITY or FITNESS FOR A PARTICULAR PURPOSE.

configure:4420: $? = 0
configure:4409: /Users/tpetr/work/r2c/emsdk/upstream/emscripten/emcc -v >&5
emcc (Emscripten gcc/clang-like replacement + linker emulating GNU ld) 3.1.28 (f11d6196dd4e8748a726f19895c859b40ff6a4f3)
clang version 16.0.0 (https://github.com/llvm/llvm-project ea4be70cea8509520db8638bb17bcd7b5d8d60ac)
Target: wasm32-unknown-emscripten
Thread model: posix
InstalledDir: /Users/tpetr/work/r2c/emsdk/upstream/bin
configure:4420: $? = 0
configure:4409: /Users/tpetr/work/r2c/emsdk/upstream/emscripten/emcc -V >&5
emcc: error: no input files
configure:4420: $? = 1
configure:4409: /Users/tpetr/work/r2c/emsdk/upstream/emscripten/emcc -qversion >&5
emcc: error: no input files
configure:4420: $? = 1
configure:4409: /Users/tpetr/work/r2c/emsdk/upstream/emscripten/emcc -version >&5
emcc: error: no input files
configure:4420: $? = 1
configure:4440: checking whether the C compiler works
configure:4462: /Users/tpetr/work/r2c/emsdk/upstream/emscripten/emcc    conftest.c  >&5
configure:4466: $? = 0
configure:4516: result: yes
configure:4519: checking for C compiler default output file name
configure:4521: result: a.out
configure:4527: checking for suffix of executables
configure:4534: /Users/tpetr/work/r2c/emsdk/upstream/emscripten/emcc -o conftest    conftest.c  >&5
configure:4538: $? = 0
configure:4561: result: 
configure:4583: checking whether we are cross compiling
configure:4591: /Users/tpetr/work/r2c/emsdk/upstream/emscripten/emcc -o conftest    conftest.c  >&5
configure:4595: $? = 0
configure:4602: ./conftest
configure:4606: $? = 0
configure:4621: result: no
configure:4626: checking for suffix of object files
configure:4649: /Users/tpetr/work/r2c/emsdk/upstream/emscripten/emcc -c   conftest.c >&5
configure:4653: $? = 0
configure:4675: result: o
configure:4679: checking whether the compiler supports GNU C
configure:4699: /Users/tpetr/work/r2c/emsdk/upstream/emscripten/emcc -c   conftest.c >&5
configure:4699: $? = 0
configure:4709: result: yes
configure:4720: checking whether /Users/tpetr/work/r2c/emsdk/upstream/emscripten/emcc accepts -g
configure:4741: /Users/tpetr/work/r2c/emsdk/upstream/emscripten/emcc -c -g  conftest.c >&5
configure:4741: $? = 0
configure:4785: result: yes
configure:4805: checking for /Users/tpetr/work/r2c/emsdk/upstream/emscripten/emcc option to enable C11 features
configure:4820: /Users/tpetr/work/r2c/emsdk/upstream/emscripten/emcc  -c -g -O2  conftest.c >&5
conftest.c:25:14: warning: a function definition without a prototype is deprecated in all versions of C and is not supported in C2x [-Wdeprecated-non-prototype]
static char *e (p, i)
             ^
1 warning generated.
configure:4820: $? = 0
configure:4838: result: none needed
configure:4954: checking whether /Users/tpetr/work/r2c/emsdk/upstream/emscripten/emcc understands -c and -o together
configure:4977: /Users/tpetr/work/r2c/emsdk/upstream/emscripten/emcc -c conftest.c -o conftest2.o
configure:4980: $? = 0
configure:4977: /Users/tpetr/work/r2c/emsdk/upstream/emscripten/emcc -c conftest.c -o conftest2.o
configure:4980: $? = 0
configure:4992: result: yes
configure:5011: checking dependency style of /Users/tpetr/work/r2c/emsdk/upstream/emscripten/emcc
configure:5123: result: gcc3
configure:5252: checking the archiver (/Users/tpetr/work/r2c/emsdk/upstream/emscripten/emar) interface
configure:5269: /Users/tpetr/work/r2c/emsdk/upstream/emscripten/emcc -c -g -O2  conftest.c >&5
configure:5269: $? = 0
configure:5272: /Users/tpetr/work/r2c/emsdk/upstream/emscripten/emar cru libconftest.a conftest.o >&5
configure:5275: $? = 0
configure:5303: result: ar
configure:5393: checking for gcc
configure:5425: result: /Users/tpetr/work/r2c/emsdk/upstream/emscripten/emcc
configure:5778: checking for C compiler version
configure:5787: /Users/tpetr/work/r2c/emsdk/upstream/emscripten/emcc --version >&5
emcc (Emscripten gcc/clang-like replacement + linker emulating GNU ld) 3.1.28 (f11d6196dd4e8748a726f19895c859b40ff6a4f3)
Copyright (C) 2014 the Emscripten authors (see AUTHORS.txt)
This is free and open source software under the MIT license.
There is NO warranty; not even for MERCHANTABILITY or FITNESS FOR A PARTICULAR PURPOSE.

configure:5798: $? = 0
configure:5787: /Users/tpetr/work/r2c/emsdk/upstream/emscripten/emcc -v >&5
emcc (Emscripten gcc/clang-like replacement + linker emulating GNU ld) 3.1.28 (f11d6196dd4e8748a726f19895c859b40ff6a4f3)
clang version 16.0.0 (https://github.com/llvm/llvm-project ea4be70cea8509520db8638bb17bcd7b5d8d60ac)
Target: wasm32-unknown-emscripten
Thread model: posix
InstalledDir: /Users/tpetr/work/r2c/emsdk/upstream/bin
configure:5798: $? = 0
configure:5787: /Users/tpetr/work/r2c/emsdk/upstream/emscripten/emcc -V >&5
emcc: error: no input files
configure:5798: $? = 1
configure:5787: /Users/tpetr/work/r2c/emsdk/upstream/emscripten/emcc -qversion >&5
emcc: error: no input files
configure:5798: $? = 1
configure:5787: /Users/tpetr/work/r2c/emsdk/upstream/emscripten/emcc -version >&5
emcc: error: no input files
configure:5798: $? = 1
configure:5802: checking whether the compiler supports GNU C
configure:5832: result: yes
configure:5843: checking whether /Users/tpetr/work/r2c/emsdk/upstream/emscripten/emcc accepts -g
configure:5908: result: yes
configure:5928: checking for /Users/tpetr/work/r2c/emsdk/upstream/emscripten/emcc option to enable C11 features
configure:5961: result: none needed
configure:6077: checking whether /Users/tpetr/work/r2c/emsdk/upstream/emscripten/emcc understands -c and -o together
configure:6115: result: yes
configure:6134: checking dependency style of /Users/tpetr/work/r2c/emsdk/upstream/emscripten/emcc
configure:6246: result: gcc3
configure:6389: checking for C++ compiler version
configure:6398: /Users/tpetr/work/r2c/emsdk/upstream/emscripten/em++ --version >&5
emcc (Emscripten gcc/clang-like replacement + linker emulating GNU ld) 3.1.28 (f11d6196dd4e8748a726f19895c859b40ff6a4f3)
Copyright (C) 2014 the Emscripten authors (see AUTHORS.txt)
This is free and open source software under the MIT license.
There is NO warranty; not even for MERCHANTABILITY or FITNESS FOR A PARTICULAR PURPOSE.

configure:6409: $? = 0
configure:6398: /Users/tpetr/work/r2c/emsdk/upstream/emscripten/em++ -v >&5
emcc (Emscripten gcc/clang-like replacement + linker emulating GNU ld) 3.1.28 (f11d6196dd4e8748a726f19895c859b40ff6a4f3)
clang version 16.0.0 (https://github.com/llvm/llvm-project ea4be70cea8509520db8638bb17bcd7b5d8d60ac)
Target: wasm32-unknown-emscripten
Thread model: posix
InstalledDir: /Users/tpetr/work/r2c/emsdk/upstream/bin
configure:6409: $? = 0
configure:6398: /Users/tpetr/work/r2c/emsdk/upstream/emscripten/em++ -V >&5
em++: error: no input files
configure:6409: $? = 1
configure:6398: /Users/tpetr/work/r2c/emsdk/upstream/emscripten/em++ -qversion >&5
em++: error: no input files
configure:6409: $? = 1
configure:6413: checking whether the compiler supports GNU C++
configure:6433: /Users/tpetr/work/r2c/emsdk/upstream/emscripten/em++ -c   conftest.cpp >&5
configure:6433: $? = 0
configure:6443: result: yes
configure:6454: checking whether /Users/tpetr/work/r2c/emsdk/upstream/emscripten/em++ accepts -g
configure:6475: /Users/tpetr/work/r2c/emsdk/upstream/emscripten/em++ -c -g  conftest.cpp >&5
configure:6475: $? = 0
configure:6519: result: yes
configure:6539: checking for /Users/tpetr/work/r2c/emsdk/upstream/emscripten/em++ option to enable C++11 features
configure:6554: /Users/tpetr/work/r2c/emsdk/upstream/emscripten/em++  -c -g -O2  conftest.cpp >&5
conftest.cpp:177:25: warning: empty parentheses interpreted as a function declaration [-Wvexing-parse]
  cxx11test::delegate d2();
                        ^~
conftest.cpp:177:25: note: remove parentheses to declare a variable
  cxx11test::delegate d2();
                        ^~
1 warning generated.
configure:6554: $? = 0
configure:6572: result: none needed
configure:6638: checking dependency style of /Users/tpetr/work/r2c/emsdk/upstream/emscripten/em++
configure:6750: result: gcc3
configure:6809: /Users/tpetr/work/r2c/emsdk/upstream/emscripten/em++ -c -O2  conftest.cpp >&5
configure:6809: $? = 0
configure:6828: checking for stdio.h
configure:6828: /Users/tpetr/work/r2c/emsdk/upstream/emscripten/emcc -c -g -O2  conftest.c >&5
configure:6828: $? = 0
configure:6828: result: yes
configure:6828: checking for stdlib.h
configure:6828: /Users/tpetr/work/r2c/emsdk/upstream/emscripten/emcc -c -g -O2  conftest.c >&5
configure:6828: $? = 0
configure:6828: result: yes
configure:6828: checking for string.h
configure:6828: /Users/tpetr/work/r2c/emsdk/upstream/emscripten/emcc -c -g -O2  conftest.c >&5
configure:6828: $? = 0
configure:6828: result: yes
configure:6828: checking for inttypes.h
configure:6828: /Users/tpetr/work/r2c/emsdk/upstream/emscripten/emcc -c -g -O2  conftest.c >&5
configure:6828: $? = 0
configure:6828: result: yes
configure:6828: checking for stdint.h
configure:6828: /Users/tpetr/work/r2c/emsdk/upstream/emscripten/emcc -c -g -O2  conftest.c >&5
configure:6828: $? = 0
configure:6828: result: yes
configure:6828: checking for strings.h
configure:6828: /Users/tpetr/work/r2c/emsdk/upstream/emscripten/emcc -c -g -O2  conftest.c >&5
configure:6828: $? = 0
configure:6828: result: yes
configure:6828: checking for sys/stat.h
configure:6828: /Users/tpetr/work/r2c/emsdk/upstream/emscripten/emcc -c -g -O2  conftest.c >&5
configure:6828: $? = 0
configure:6828: result: yes
configure:6828: checking for sys/types.h
configure:6828: /Users/tpetr/work/r2c/emsdk/upstream/emscripten/emcc -c -g -O2  conftest.c >&5
configure:6828: $? = 0
configure:6828: result: yes
configure:6828: checking for unistd.h
configure:6828: /Users/tpetr/work/r2c/emsdk/upstream/emscripten/emcc -c -g -O2  conftest.c >&5
configure:6828: $? = 0
configure:6828: result: yes
configure:6853: checking for int64_t
configure:6853: /Users/tpetr/work/r2c/emsdk/upstream/emscripten/emcc -c -g -O2  conftest.c >&5
configure:6853: $? = 0
configure:6853: /Users/tpetr/work/r2c/emsdk/upstream/emscripten/emcc -c -g -O2  conftest.c >&5
conftest.c:54:53: warning: overflow in expression; result is -9223372036854775808 with type 'int64_t' (aka 'long long') [-Winteger-overflow]
                 < (int64_t) (((((int64_t) 1 << N) << N) - 1) * 2 + 2))];
                                                                  ^
conftest.c:53:24: error: 'test_array' declared as an array with a negative size
static int test_array [1 - 2 * !((int64_t) (((((int64_t) 1 << N) << N) - 1) * 2 + 1)
                       ^~~~~~~~~~~~~~~~~~~~~~~~~~~~~~~~~~~~~~~~~~~~~~~~~~~~~~~~~~~~~
1 warning and 1 error generated.
emcc: error: '/Users/tpetr/work/r2c/emsdk/upstream/bin/clang -target wasm32-unknown-emscripten -fignore-exceptions -fvisibility=default -mllvm -combiner-global-alias-analysis=false -mllvm -enable-emscripten-sjlj -mllvm -disable-lsr -DEMSCRIPTEN -Werror=implicit-function-declaration -I/Users/tpetr/work/r2c/pcre-ocaml-js/.emscripten-cache/sysroot/include/SDL --sysroot=/Users/tpetr/work/r2c/pcre-ocaml-js/.emscripten-cache/sysroot -Xclang -iwithsysroot/include/compat -c -g3 -O2 conftest.c -o conftest.o' failed (returned 1)
configure:6853: $? = 1
configure: failed program was:
| /* confdefs.h */
| #define PACKAGE_NAME "PCRE"
| #define PACKAGE_TARNAME "pcre"
| #define PACKAGE_VERSION "8.45"
| #define PACKAGE_STRING "PCRE 8.45"
| #define PACKAGE_BUGREPORT ""
| #define PACKAGE_URL ""
| #define PACKAGE "pcre"
| #define VERSION "8.45"
| #define HAVE_STDIO_H 1
| #define HAVE_STDLIB_H 1
| #define HAVE_STRING_H 1
| #define HAVE_INTTYPES_H 1
| #define HAVE_STDINT_H 1
| #define HAVE_STRINGS_H 1
| #define HAVE_SYS_STAT_H 1
| #define HAVE_SYS_TYPES_H 1
| #define HAVE_UNISTD_H 1
| #define STDC_HEADERS 1
| /* end confdefs.h.  */
| #include <stddef.h>
| #ifdef HAVE_STDIO_H
| # include <stdio.h>
| #endif
| #ifdef HAVE_STDLIB_H
| # include <stdlib.h>
| #endif
| #ifdef HAVE_STRING_H
| # include <string.h>
| #endif
| #ifdef HAVE_INTTYPES_H
| # include <inttypes.h>
| #endif
| #ifdef HAVE_STDINT_H
| # include <stdint.h>
| #endif
| #ifdef HAVE_STRINGS_H
| # include <strings.h>
| #endif
| #ifdef HAVE_SYS_TYPES_H
| # include <sys/types.h>
| #endif
| #ifdef HAVE_SYS_STAT_H
| # include <sys/stat.h>
| #endif
| #ifdef HAVE_UNISTD_H
| # include <unistd.h>
| #endif
| 	        enum { N = 64 / 2 - 1 };
| int
| main (void)
| {
| static int test_array [1 - 2 * !((int64_t) (((((int64_t) 1 << N) << N) - 1) * 2 + 1)
| 		 < (int64_t) (((((int64_t) 1 << N) << N) - 1) * 2 + 2))];
| test_array [0] = 0;
| return test_array [0];
| 
|   ;
|   return 0;
| }
configure:6853: result: yes
configure:6870: checking build system type
configure:6885: result: aarch64-apple-darwin22.2.0
configure:6905: checking host system type
configure:6919: result: aarch64-apple-darwin22.2.0
configure:7319: checking how to print strings
configure:7346: result: printf
configure:7367: checking for a sed that does not truncate output
configure:7437: result: /usr/bin/sed
configure:7455: checking for grep that handles long lines and -e
configure:7519: result: /usr/bin/grep
configure:7524: checking for egrep
configure:7592: result: /usr/bin/grep -E
configure:7597: checking for fgrep
configure:7665: result: /usr/bin/grep -F
configure:7701: checking for ld used by /Users/tpetr/work/r2c/emsdk/upstream/emscripten/emcc
emcc: error: no input files
configure:7769: result: /Users/tpetr/work/r2c/emsdk/upstream/emscripten/emcc
configure:7776: checking if the linker (/Users/tpetr/work/r2c/emsdk/upstream/emscripten/emcc) is GNU ld
configure:7792: result: yes
configure:7804: checking for BSD- or MS-compatible name lister (nm)
configure:7859: result: /Users/tpetr/work/r2c/emsdk/upstream/bin/llvm-nm
configure:7999: checking the name lister (/Users/tpetr/work/r2c/emsdk/upstream/bin/llvm-nm) interface
configure:8007: /Users/tpetr/work/r2c/emsdk/upstream/emscripten/emcc -c -g -O2  conftest.c >&5
configure:8010: /Users/tpetr/work/r2c/emsdk/upstream/bin/llvm-nm "conftest.o"
configure:8013: output
00000000 d .debug_abbrev
00000000 d .debug_line
00000000 d .debug_str
00000000 D some_variable
configure:8020: result: BSD nm
configure:8023: checking whether ln -s works
configure:8027: result: yes
configure:8035: checking the maximum length of command line arguments
configure:8167: result: 786432
configure:8215: checking how to convert aarch64-apple-darwin22.2.0 file names to aarch64-apple-darwin22.2.0 format
configure:8256: result: func_convert_file_noop
configure:8263: checking how to convert aarch64-apple-darwin22.2.0 file names to toolchain format
configure:8284: result: func_convert_file_noop
configure:8291: checking for /Users/tpetr/work/r2c/emsdk/upstream/emscripten/emcc option to reload object files
configure:8299: result: -r
configure:8378: checking for objdump
configure:8410: result: objdump
configure:8439: checking how to recognize dependent libraries
configure:8640: result: pass_all
configure:8730: checking for dlltool
configure:8762: result: dlltool
configure:8792: checking how to associate runtime and link libraries
configure:8820: result: printf %s\n
configure:8970: checking for archiver @FILE support
configure:8988: /Users/tpetr/work/r2c/emsdk/upstream/emscripten/emcc -c -g -O2  conftest.c >&5
configure:8988: $? = 0
configure:8992: /Users/tpetr/work/r2c/emsdk/upstream/emscripten/emar cr libconftest.a @conftest.lst >&5
configure:8995: $? = 0
configure:9000: /Users/tpetr/work/r2c/emsdk/upstream/emscripten/emar cr libconftest.a @conftest.lst >&5
/Users/tpetr/work/r2c/emsdk/upstream/bin/llvm-ar: error: conftest.o: No such file or directory
configure:9003: $? = 1
configure:9015: result: @
configure:9078: checking for strip
configure:9099: found /usr/bin/strip
configure:9110: result: strip
configure:9187: checking for ranlib
configure:9219: result: /Users/tpetr/work/r2c/emsdk/upstream/emscripten/emranlib
configure:9321: checking command to parse /Users/tpetr/work/r2c/emsdk/upstream/bin/llvm-nm output from /Users/tpetr/work/r2c/emsdk/upstream/emscripten/emcc object
configure:9475: /Users/tpetr/work/r2c/emsdk/upstream/emscripten/emcc -c -g -O2  conftest.c >&5
configure:9478: $? = 0
configure:9482: /Users/tpetr/work/r2c/emsdk/upstream/bin/llvm-nm conftest.o \| sed -n -e 's/^.*[ ]\([ABCDGIRSTW][ABCDGIRSTW]*\)[ ][ ]*\([_A-Za-z][_A-Za-z0-9]*\)$/\1 \2 \2/p' | sed '/ __gnu_lto/d' \> conftest.nm
configure:9485: $? = 0
configure:9551: /Users/tpetr/work/r2c/emsdk/upstream/emscripten/emcc -o conftest -g -O2   conftest.c conftstm.o >&5
emcc: warning: running limited binaryen optimizations because DWARF info requested (or indirectly required) [-Wlimited-postlink-optimizations]
configure:9554: $? = 0
configure:9592: result: ok
configure:9639: checking for sysroot
configure:9670: result: no
configure:9677: checking for a working dd
configure:9721: result: /bin/dd
configure:9725: checking how to truncate binary pipes
configure:9741: result: /bin/dd bs=4096 count=1
configure:10078: checking for mt
configure:10113: result: no
configure:10133: checking if : is a manifest tool
configure:10140: : '-?'
configure:10148: result: no
configure:10209: checking for dsymutil
configure:10230: found /usr/bin/dsymutil
configure:10241: result: dsymutil
configure:10311: checking for nmedit
configure:10332: found /usr/bin/nmedit
configure:10343: result: nmedit
configure:10413: checking for lipo
configure:10434: found /usr/bin/lipo
configure:10445: result: lipo
configure:10515: checking for otool
configure:10536: found /usr/bin/otool
configure:10547: result: otool
configure:10617: checking for otool64
configure:10652: result: no
configure:10697: checking for -single_module linker flag
/Users/tpetr/work/r2c/emsdk/upstream/emscripten/emcc -g -O2  -o libconftest.dylib -dynamiclib -Wl,-single_module conftest.c
clang-16: warning: argument unused during compilation: '-dynamiclib' [-Wunused-command-line-argument]
emcc: warning: object file output extension (.dylib) used for non-object output.  If you meant to build an object file please use `-c, `-r`, or `-shared` [-Wemcc]
wasm-ld: error: unknown argument: -single_module
emcc: error: '/Users/tpetr/work/r2c/emsdk/upstream/bin/wasm-ld -o libconftest.wasm -single_module /var/folders/n7/st1jz_yx6wlc8lzzpwfgq3y40000gn/T/emscripten_temp_rsnvcaj9/conftest_0.o -L/Users/tpetr/work/r2c/pcre-ocaml-js/.emscripten-cache/sysroot/lib/wasm32-emscripten -lGL -lal -lhtml5 -lstubs -lc -ldlmalloc -lcompiler_rt -lc++-noexcept -lc++abi-noexcept -lsockets -mllvm -combiner-global-alias-analysis=false -mllvm -enable-emscripten-sjlj -mllvm -disable-lsr --allow-undefined-file=/var/folders/n7/st1jz_yx6wlc8lzzpwfgq3y40000gn/T/tmpwwu3ob47.undefined --export-if-defined=main --export-if-defined=__start_em_asm --export-if-defined=__stop_em_asm --export-if-defined=__start_em_lib_deps --export-if-defined=__stop_em_lib_deps --export-if-defined=__start_em_js --export-if-defined=__stop_em_js --export-if-defined=__main_argc_argv --export-if-defined=fflush --export=stackSave --export=stackRestore --export=stackAlloc --export=__wasm_call_ctors --export=__errno_location --export=__get_temp_ret --export=__set_temp_ret --export=__funcs_on_exit --export-table -z stack-size=65536 --initial-memory=16777216 --no-entry --max-memory=16777216 --global-base=1024' failed (returned 1)
configure:10731: result: no
configure:10734: checking for -exported_symbols_list linker flag
configure:10755: /Users/tpetr/work/r2c/emsdk/upstream/emscripten/emcc -o conftest -g -O2   -Wl,-exported_symbols_list,conftest.sym conftest.c  >&5
wasm-ld: error: unknown file type: conftest.sym
emcc: error: '/Users/tpetr/work/r2c/emsdk/upstream/bin/wasm-ld -o conftest.wasm -exported_symbols_list conftest.sym /var/folders/n7/st1jz_yx6wlc8lzzpwfgq3y40000gn/T/emscripten_temp_6s1b_w3y/conftest_0.o -L/Users/tpetr/work/r2c/pcre-ocaml-js/.emscripten-cache/sysroot/lib/wasm32-emscripten -lGL -lal -lhtml5 -lstubs -lc -ldlmalloc -lcompiler_rt -lc++-noexcept -lc++abi-noexcept -lsockets -mllvm -combiner-global-alias-analysis=false -mllvm -enable-emscripten-sjlj -mllvm -disable-lsr --allow-undefined-file=/var/folders/n7/st1jz_yx6wlc8lzzpwfgq3y40000gn/T/tmplhcb1qje.undefined --export-if-defined=main --export-if-defined=__start_em_asm --export-if-defined=__stop_em_asm --export-if-defined=__start_em_lib_deps --export-if-defined=__stop_em_lib_deps --export-if-defined=__start_em_js --export-if-defined=__stop_em_js --export-if-defined=__main_argc_argv --export-if-defined=fflush --export=stackSave --export=stackRestore --export=stackAlloc --export=__wasm_call_ctors --export=__errno_location --export=__get_temp_ret --export=__set_temp_ret --export=__funcs_on_exit --export-table -z stack-size=65536 --initial-memory=16777216 --no-entry --max-memory=16777216 --global-base=1024' failed (returned 1)
configure:10755: $? = 1
configure: failed program was:
| /* confdefs.h */
| #define PACKAGE_NAME "PCRE"
| #define PACKAGE_TARNAME "pcre"
| #define PACKAGE_VERSION "8.45"
| #define PACKAGE_STRING "PCRE 8.45"
| #define PACKAGE_BUGREPORT ""
| #define PACKAGE_URL ""
| #define PACKAGE "pcre"
| #define VERSION "8.45"
| #define HAVE_STDIO_H 1
| #define HAVE_STDLIB_H 1
| #define HAVE_STRING_H 1
| #define HAVE_INTTYPES_H 1
| #define HAVE_STDINT_H 1
| #define HAVE_STRINGS_H 1
| #define HAVE_SYS_STAT_H 1
| #define HAVE_SYS_TYPES_H 1
| #define HAVE_UNISTD_H 1
| #define STDC_HEADERS 1
| /* end confdefs.h.  */
| 
| int
| main (void)
| {
| 
|   ;
|   return 0;
| }
configure:10766: result: no
configure:10769: checking for -force_load linker flag
/Users/tpetr/work/r2c/emsdk/upstream/emscripten/emcc -g -O2 -c -o conftest.o conftest.c
/Users/tpetr/work/r2c/emsdk/upstream/emscripten/emar cr libconftest.a conftest.o
/Users/tpetr/work/r2c/emsdk/upstream/emscripten/emranlib libconftest.a
/Users/tpetr/work/r2c/emsdk/upstream/emscripten/emcc -g -O2  -o conftest conftest.c -Wl,-force_load,./libconftest.a
wasm-ld: error: unknown argument: -force_load
emcc: error: '/Users/tpetr/work/r2c/emsdk/upstream/bin/wasm-ld -o conftest.wasm /var/folders/n7/st1jz_yx6wlc8lzzpwfgq3y40000gn/T/emscripten_temp_zr495eho/conftest_0.o -force_load ./libconftest.a -L/Users/tpetr/work/r2c/pcre-ocaml-js/.emscripten-cache/sysroot/lib/wasm32-emscripten -lGL -lal -lhtml5 -lstubs -lc -ldlmalloc -lcompiler_rt -lc++-noexcept -lc++abi-noexcept -lsockets -mllvm -combiner-global-alias-analysis=false -mllvm -enable-emscripten-sjlj -mllvm -disable-lsr --allow-undefined-file=/var/folders/n7/st1jz_yx6wlc8lzzpwfgq3y40000gn/T/tmpu8meqr7l.undefined --export-if-defined=main --export-if-defined=__start_em_asm --export-if-defined=__stop_em_asm --export-if-defined=__start_em_lib_deps --export-if-defined=__stop_em_lib_deps --export-if-defined=__start_em_js --export-if-defined=__stop_em_js --export-if-defined=__main_argc_argv --export-if-defined=fflush --export=stackSave --export=stackRestore --export=stackAlloc --export=__wasm_call_ctors --export=__errno_location --export=__get_temp_ret --export=__set_temp_ret --export=__funcs_on_exit --export-table -z stack-size=65536 --initial-memory=16777216 --no-entry --max-memory=16777216 --global-base=1024' failed (returned 1)
configure:10802: result: no
configure:10874: checking for dlfcn.h
configure:10874: /Users/tpetr/work/r2c/emsdk/upstream/emscripten/emcc -c -g -O2  conftest.c >&5
configure:10874: $? = 0
configure:10874: result: yes
configure:11141: checking for objdir
configure:11157: result: .libs
configure:11421: checking if /Users/tpetr/work/r2c/emsdk/upstream/emscripten/emcc supports -fno-rtti -fno-exceptions
configure:11440: /Users/tpetr/work/r2c/emsdk/upstream/emscripten/emcc -c -g -O2  -fno-rtti -fno-exceptions conftest.c >&5
configure:11444: $? = 0
configure:11457: result: yes
configure:11815: checking for /Users/tpetr/work/r2c/emsdk/upstream/emscripten/emcc option to produce PIC
configure:11823: result: -fno-common -DPIC
configure:11831: checking if /Users/tpetr/work/r2c/emsdk/upstream/emscripten/emcc PIC flag -fno-common -DPIC works
configure:11850: /Users/tpetr/work/r2c/emsdk/upstream/emscripten/emcc -c -g -O2  -fno-common -DPIC -DPIC conftest.c >&5
configure:11854: $? = 0
configure:11867: result: yes
configure:11896: checking if /Users/tpetr/work/r2c/emsdk/upstream/emscripten/emcc static flag -static works
emcc: warning: running limited binaryen optimizations because DWARF info requested (or indirectly required) [-Wlimited-postlink-optimizations]
configure:11925: result: yes
configure:11940: checking if /Users/tpetr/work/r2c/emsdk/upstream/emscripten/emcc supports -c -o file.o
configure:11962: /Users/tpetr/work/r2c/emsdk/upstream/emscripten/emcc -c -g -O2  -o out/conftest2.o conftest.c >&5
configure:11966: $? = 0
configure:11988: result: yes
configure:11996: checking if /Users/tpetr/work/r2c/emsdk/upstream/emscripten/emcc supports -c -o file.o
configure:12044: result: yes
configure:12077: checking whether the /Users/tpetr/work/r2c/emsdk/upstream/emscripten/emcc linker (/Users/tpetr/work/r2c/emsdk/upstream/emscripten/emcc) supports shared libraries
configure:13345: result: yes
configure:13382: checking whether -lc should be explicitly linked in
configure:13391: /Users/tpetr/work/r2c/emsdk/upstream/emscripten/emcc -c -g -O2  conftest.c >&5
configure:13394: $? = 0
configure:13409: /Users/tpetr/work/r2c/emsdk/upstream/emscripten/emcc -shared  -fno-common -DPIC conftest.o  -v -Wl,-soname -Wl,conftest -o conftest 2\>\&1 \| /usr/bin/grep  -lc  \>/dev/null 2\>\&1
configure:13412: $? = 1
configure:13426: result: yes
configure:13586: checking dynamic linker characteristics
configure:14407: result: darwin22.2.0 dyld
configure:14529: checking how to hardcode library paths into programs
configure:14554: result: immediate
configure:15106: checking whether stripping libraries is possible
configure:15123: result: yes
configure:15157: checking if libtool supports shared libraries
configure:15159: result: yes
configure:15162: checking whether to build shared libraries
configure:15187: result: yes
configure:15190: checking whether to build static libraries
configure:15194: result: yes
configure:15217: checking how to run the C++ preprocessor
configure:15239: /Users/tpetr/work/r2c/emsdk/upstream/emscripten/em++ -E  conftest.cpp
configure:15239: $? = 0
configure:15254: /Users/tpetr/work/r2c/emsdk/upstream/emscripten/em++ -E  conftest.cpp
conftest.cpp:23:10: fatal error: 'ac_nonexistent.h' file not found
#include <ac_nonexistent.h>
         ^~~~~~~~~~~~~~~~~~
1 error generated.
em++: error: '/Users/tpetr/work/r2c/emsdk/upstream/bin/clang++ -target wasm32-unknown-emscripten -fignore-exceptions -fvisibility=default -mllvm -combiner-global-alias-analysis=false -mllvm -enable-emscripten-sjlj -mllvm -disable-lsr -DEMSCRIPTEN -I/Users/tpetr/work/r2c/pcre-ocaml-js/.emscripten-cache/sysroot/include/SDL --sysroot=/Users/tpetr/work/r2c/pcre-ocaml-js/.emscripten-cache/sysroot -Xclang -iwithsysroot/include/compat -E conftest.cpp' failed (returned 1)
configure:15254: $? = 1
configure: failed program was:
| /* confdefs.h */
| #define PACKAGE_NAME "PCRE"
| #define PACKAGE_TARNAME "pcre"
| #define PACKAGE_VERSION "8.45"
| #define PACKAGE_STRING "PCRE 8.45"
| #define PACKAGE_BUGREPORT ""
| #define PACKAGE_URL ""
| #define PACKAGE "pcre"
| #define VERSION "8.45"
| #define HAVE_STDIO_H 1
| #define HAVE_STDLIB_H 1
| #define HAVE_STRING_H 1
| #define HAVE_INTTYPES_H 1
| #define HAVE_STDINT_H 1
| #define HAVE_STRINGS_H 1
| #define HAVE_SYS_STAT_H 1
| #define HAVE_SYS_TYPES_H 1
| #define HAVE_UNISTD_H 1
| #define STDC_HEADERS 1
| #define HAVE_DLFCN_H 1
| #define LT_OBJDIR ".libs/"
| /* end confdefs.h.  */
| #include <ac_nonexistent.h>
configure:15281: result: /Users/tpetr/work/r2c/emsdk/upstream/emscripten/em++ -E
configure:15295: /Users/tpetr/work/r2c/emsdk/upstream/emscripten/em++ -E  conftest.cpp
configure:15295: $? = 0
configure:15310: /Users/tpetr/work/r2c/emsdk/upstream/emscripten/em++ -E  conftest.cpp
conftest.cpp:23:10: fatal error: 'ac_nonexistent.h' file not found
#include <ac_nonexistent.h>
         ^~~~~~~~~~~~~~~~~~
1 error generated.
em++: error: '/Users/tpetr/work/r2c/emsdk/upstream/bin/clang++ -target wasm32-unknown-emscripten -fignore-exceptions -fvisibility=default -mllvm -combiner-global-alias-analysis=false -mllvm -enable-emscripten-sjlj -mllvm -disable-lsr -DEMSCRIPTEN -I/Users/tpetr/work/r2c/pcre-ocaml-js/.emscripten-cache/sysroot/include/SDL --sysroot=/Users/tpetr/work/r2c/pcre-ocaml-js/.emscripten-cache/sysroot -Xclang -iwithsysroot/include/compat -E conftest.cpp' failed (returned 1)
configure:15310: $? = 1
configure: failed program was:
| /* confdefs.h */
| #define PACKAGE_NAME "PCRE"
| #define PACKAGE_TARNAME "pcre"
| #define PACKAGE_VERSION "8.45"
| #define PACKAGE_STRING "PCRE 8.45"
| #define PACKAGE_BUGREPORT ""
| #define PACKAGE_URL ""
| #define PACKAGE "pcre"
| #define VERSION "8.45"
| #define HAVE_STDIO_H 1
| #define HAVE_STDLIB_H 1
| #define HAVE_STRING_H 1
| #define HAVE_INTTYPES_H 1
| #define HAVE_STDINT_H 1
| #define HAVE_STRINGS_H 1
| #define HAVE_SYS_STAT_H 1
| #define HAVE_SYS_TYPES_H 1
| #define HAVE_UNISTD_H 1
| #define STDC_HEADERS 1
| #define HAVE_DLFCN_H 1
| #define LT_OBJDIR ".libs/"
| /* end confdefs.h.  */
| #include <ac_nonexistent.h>
configure:15475: checking for ld used by /Users/tpetr/work/r2c/emsdk/upstream/emscripten/em++
em++: error: no input files
configure:15543: result: /Users/tpetr/work/r2c/emsdk/upstream/emscripten/emcc
configure:15550: checking if the linker (/Users/tpetr/work/r2c/emsdk/upstream/emscripten/emcc) is GNU ld
configure:15566: result: yes
configure:15621: checking whether the /Users/tpetr/work/r2c/emsdk/upstream/emscripten/em++ linker (/Users/tpetr/work/r2c/emsdk/upstream/emscripten/emcc) supports shared libraries
configure:16699: result: yes
configure:16735: /Users/tpetr/work/r2c/emsdk/upstream/emscripten/em++ -c -O2  conftest.cpp >&5
configure:16738: $? = 0
configure:17219: checking for /Users/tpetr/work/r2c/emsdk/upstream/emscripten/em++ option to produce PIC
configure:17227: result: -fno-common -DPIC
configure:17235: checking if /Users/tpetr/work/r2c/emsdk/upstream/emscripten/em++ PIC flag -fno-common -DPIC works
configure:17254: /Users/tpetr/work/r2c/emsdk/upstream/emscripten/em++ -c -O2  -fno-common -DPIC -DPIC conftest.cpp >&5
configure:17258: $? = 0
configure:17271: result: yes
configure:17294: checking if /Users/tpetr/work/r2c/emsdk/upstream/emscripten/em++ static flag -static works
configure:17323: result: yes
configure:17335: checking if /Users/tpetr/work/r2c/emsdk/upstream/emscripten/em++ supports -c -o file.o
configure:17357: /Users/tpetr/work/r2c/emsdk/upstream/emscripten/em++ -c -O2  -o out/conftest2.o conftest.cpp >&5
configure:17361: $? = 0
configure:17383: result: yes
configure:17388: checking if /Users/tpetr/work/r2c/emsdk/upstream/emscripten/em++ supports -c -o file.o
configure:17436: result: yes
configure:17466: checking whether the /Users/tpetr/work/r2c/emsdk/upstream/emscripten/em++ linker (/Users/tpetr/work/r2c/emsdk/upstream/emscripten/emcc) supports shared libraries
configure:17506: result: yes
configure:17648: checking dynamic linker characteristics
configure:18396: result: darwin22.2.0 dyld
configure:18461: checking how to hardcode library paths into programs
configure:18486: result: immediate
configure:18547: checking whether ln -s works
configure:18551: result: yes
configure:18567: checking whether the -Werror option is usable
configure:18587: /Users/tpetr/work/r2c/emsdk/upstream/emscripten/emcc -c -g -O2 -Werror  conftest.c >&5
configure:18587: $? = 0
configure:18597: result: yes
configure:18599: checking for simple visibility declarations
configure:18627: /Users/tpetr/work/r2c/emsdk/upstream/emscripten/emcc -c -g -O2 -fvisibility=hidden -Werror  conftest.c >&5
configure:18627: $? = 0
configure:18637: result: yes
configure:19168: checking for egrep
configure:19236: result: /usr/bin/grep -E
configure:19242: checking for limits.h
configure:19242: /Users/tpetr/work/r2c/emsdk/upstream/emscripten/emcc -c -g -O2  conftest.c >&5
configure:19242: $? = 0
configure:19242: result: yes
configure:19248: checking for sys/types.h
configure:19248: result: yes
configure:19254: checking for sys/stat.h
configure:19254: result: yes
configure:19260: checking for dirent.h
configure:19260: /Users/tpetr/work/r2c/emsdk/upstream/emscripten/emcc -c -g -O2  conftest.c >&5
configure:19260: $? = 0
configure:19260: result: yes
configure:19269: checking for windows.h
configure:19269: /Users/tpetr/work/r2c/emsdk/upstream/emscripten/emcc -c -g -O2  conftest.c >&5
conftest.c:63:10: fatal error: 'windows.h' file not found
#include <windows.h>
         ^~~~~~~~~~~
1 error generated.
emcc: error: '/Users/tpetr/work/r2c/emsdk/upstream/bin/clang -target wasm32-unknown-emscripten -fignore-exceptions -fvisibility=default -mllvm -combiner-global-alias-analysis=false -mllvm -enable-emscripten-sjlj -mllvm -disable-lsr -DEMSCRIPTEN -Werror=implicit-function-declaration -I/Users/tpetr/work/r2c/pcre-ocaml-js/.emscripten-cache/sysroot/include/SDL --sysroot=/Users/tpetr/work/r2c/pcre-ocaml-js/.emscripten-cache/sysroot -Xclang -iwithsysroot/include/compat -c -g3 -O2 conftest.c -o conftest.o' failed (returned 1)
configure:19269: $? = 1
configure: failed program was:
| /* confdefs.h */
| #define PACKAGE_NAME "PCRE"
| #define PACKAGE_TARNAME "pcre"
| #define PACKAGE_VERSION "8.45"
| #define PACKAGE_STRING "PCRE 8.45"
| #define PACKAGE_BUGREPORT ""
| #define PACKAGE_URL ""
| #define PACKAGE "pcre"
| #define VERSION "8.45"
| #define HAVE_STDIO_H 1
| #define HAVE_STDLIB_H 1
| #define HAVE_STRING_H 1
| #define HAVE_INTTYPES_H 1
| #define HAVE_STDINT_H 1
| #define HAVE_STRINGS_H 1
| #define HAVE_SYS_STAT_H 1
| #define HAVE_SYS_TYPES_H 1
| #define HAVE_UNISTD_H 1
| #define STDC_HEADERS 1
| #define HAVE_DLFCN_H 1
| #define LT_OBJDIR ".libs/"
| #define PCRE_EXP_DECL extern __attribute__ ((visibility ("default")))
| #define PCRE_EXP_DEFN __attribute__ ((visibility ("default")))
| #define PCRE_EXP_DATA_DEFN __attribute__ ((visibility ("default")))
| #define PCREPOSIX_EXP_DECL extern __attribute__ ((visibility ("default")))
| #define PCREPOSIX_EXP_DEFN extern __attribute__ ((visibility ("default")))
| #define PCRECPP_EXP_DECL extern __attribute__ ((visibility ("default")))
| #define PCRECPP_EXP_DEFN __attribute__ ((visibility ("default")))
| #define HAVE_VISIBILITY 1
| #define HAVE_LIMITS_H 1
| #define HAVE_SYS_TYPES_H 1
| #define HAVE_SYS_STAT_H 1
| #define HAVE_DIRENT_H 1
| /* end confdefs.h.  */
| #include <stddef.h>
| #ifdef HAVE_STDIO_H
| # include <stdio.h>
| #endif
| #ifdef HAVE_STDLIB_H
| # include <stdlib.h>
| #endif
| #ifdef HAVE_STRING_H
| # include <string.h>
| #endif
| #ifdef HAVE_INTTYPES_H
| # include <inttypes.h>
| #endif
| #ifdef HAVE_STDINT_H
| # include <stdint.h>
| #endif
| #ifdef HAVE_STRINGS_H
| # include <strings.h>
| #endif
| #ifdef HAVE_SYS_TYPES_H
| # include <sys/types.h>
| #endif
| #ifdef HAVE_SYS_STAT_H
| # include <sys/stat.h>
| #endif
| #ifdef HAVE_UNISTD_H
| # include <unistd.h>
| #endif
| #include <windows.h>
configure:19269: result: no
configure:19303: checking for alias support in the linker
configure:19322: /Users/tpetr/work/r2c/emsdk/upstream/emscripten/em++ -o conftest -O2   -Wl,-alias,__ZN7pcrecpp2RE6no_argE,__ZN7pcrecpp6no_argE conftest.cpp  >&5
wasm-ld: error: unknown argument: -alias
wasm-ld: error: cannot open __ZN7pcrecpp2RE6no_argE: No such file or directory
wasm-ld: error: cannot open __ZN7pcrecpp6no_argE: No such file or directory
em++: error: '/Users/tpetr/work/r2c/emsdk/upstream/bin/wasm-ld -o conftest.wasm -alias __ZN7pcrecpp2RE6no_argE __ZN7pcrecpp6no_argE /var/folders/n7/st1jz_yx6wlc8lzzpwfgq3y40000gn/T/emscripten_temp_irjmwpka/conftest_0.o -L/Users/tpetr/work/r2c/pcre-ocaml-js/.emscripten-cache/sysroot/lib/wasm32-emscripten -lGL -lal -lhtml5 -lstubs -lc -ldlmalloc -lcompiler_rt -lc++-noexcept -lc++abi-noexcept -lsockets -mllvm -combiner-global-alias-analysis=false -mllvm -enable-emscripten-sjlj -mllvm -disable-lsr --allow-undefined-file=/var/folders/n7/st1jz_yx6wlc8lzzpwfgq3y40000gn/T/tmpkbvfhuf3.undefined --strip-debug --export-if-defined=main --export-if-defined=__start_em_asm --export-if-defined=__stop_em_asm --export-if-defined=__start_em_lib_deps --export-if-defined=__stop_em_lib_deps --export-if-defined=__start_em_js --export-if-defined=__stop_em_js --export-if-defined=__main_argc_argv --export-if-defined=fflush --export=stackSave --export=stackRestore --export=stackAlloc --export=__wasm_call_ctors --export=__errno_location --export=__get_temp_ret --export=__set_temp_ret --export=__funcs_on_exit --export-table -z stack-size=65536 --initial-memory=16777216 --no-entry --max-memory=16777216 --global-base=1024' failed (returned 1)
configure:19322: $? = 1
configure: failed program was:
| /* confdefs.h */
| #define PACKAGE_NAME "PCRE"
| #define PACKAGE_TARNAME "pcre"
| #define PACKAGE_VERSION "8.45"
| #define PACKAGE_STRING "PCRE 8.45"
| #define PACKAGE_BUGREPORT ""
| #define PACKAGE_URL ""
| #define PACKAGE "pcre"
| #define VERSION "8.45"
| #define HAVE_STDIO_H 1
| #define HAVE_STDLIB_H 1
| #define HAVE_STRING_H 1
| #define HAVE_INTTYPES_H 1
| #define HAVE_STDINT_H 1
| #define HAVE_STRINGS_H 1
| #define HAVE_SYS_STAT_H 1
| #define HAVE_SYS_TYPES_H 1
| #define HAVE_UNISTD_H 1
| #define STDC_HEADERS 1
| #define HAVE_DLFCN_H 1
| #define LT_OBJDIR ".libs/"
| #define PCRE_EXP_DECL extern __attribute__ ((visibility ("default")))
| #define PCRE_EXP_DEFN __attribute__ ((visibility ("default")))
| #define PCRE_EXP_DATA_DEFN __attribute__ ((visibility ("default")))
| #define PCREPOSIX_EXP_DECL extern __attribute__ ((visibility ("default")))
| #define PCREPOSIX_EXP_DEFN extern __attribute__ ((visibility ("default")))
| #define PCRECPP_EXP_DECL extern __attribute__ ((visibility ("default")))
| #define PCRECPP_EXP_DEFN __attribute__ ((visibility ("default")))
| #define HAVE_VISIBILITY 1
| #define HAVE_LIMITS_H 1
| #define HAVE_SYS_TYPES_H 1
| #define HAVE_SYS_STAT_H 1
| #define HAVE_DIRENT_H 1
| /* end confdefs.h.  */
| namespace pcrecpp {
|                                     class RE { static int no_arg; };
|                                     int RE::no_arg;
|                                   }
| int
| main (void)
| {
| 
|   ;
|   return 0;
| }
configure:19329: result: no
configure:19303: checking for alias support in the linker
configure:19322: /Users/tpetr/work/r2c/emsdk/upstream/emscripten/em++ -o conftest -O2   -Wl,-i__ZN7pcrecpp6no_argE:__ZN7pcrecpp2RE6no_argE conftest.cpp  >&5
wasm-ld: error: unknown argument: -i__ZN7pcrecpp6no_argE:__ZN7pcrecpp2RE6no_argE
em++: error: '/Users/tpetr/work/r2c/emsdk/upstream/bin/wasm-ld -o conftest.wasm -i__ZN7pcrecpp6no_argE:__ZN7pcrecpp2RE6no_argE /var/folders/n7/st1jz_yx6wlc8lzzpwfgq3y40000gn/T/emscripten_temp_a3cprbih/conftest_0.o -L/Users/tpetr/work/r2c/pcre-ocaml-js/.emscripten-cache/sysroot/lib/wasm32-emscripten -lGL -lal -lhtml5 -lstubs -lc -ldlmalloc -lcompiler_rt -lc++-noexcept -lc++abi-noexcept -lsockets -mllvm -combiner-global-alias-analysis=false -mllvm -enable-emscripten-sjlj -mllvm -disable-lsr --allow-undefined-file=/var/folders/n7/st1jz_yx6wlc8lzzpwfgq3y40000gn/T/tmp9tfcequc.undefined --strip-debug --export-if-defined=main --export-if-defined=__start_em_asm --export-if-defined=__stop_em_asm --export-if-defined=__start_em_lib_deps --export-if-defined=__stop_em_lib_deps --export-if-defined=__start_em_js --export-if-defined=__stop_em_js --export-if-defined=__main_argc_argv --export-if-defined=fflush --export=stackSave --export=stackRestore --export=stackAlloc --export=__wasm_call_ctors --export=__errno_location --export=__get_temp_ret --export=__set_temp_ret --export=__funcs_on_exit --export-table -z stack-size=65536 --initial-memory=16777216 --no-entry --max-memory=16777216 --global-base=1024' failed (returned 1)
configure:19322: $? = 1
configure: failed program was:
| /* confdefs.h */
| #define PACKAGE_NAME "PCRE"
| #define PACKAGE_TARNAME "pcre"
| #define PACKAGE_VERSION "8.45"
| #define PACKAGE_STRING "PCRE 8.45"
| #define PACKAGE_BUGREPORT ""
| #define PACKAGE_URL ""
| #define PACKAGE "pcre"
| #define VERSION "8.45"
| #define HAVE_STDIO_H 1
| #define HAVE_STDLIB_H 1
| #define HAVE_STRING_H 1
| #define HAVE_INTTYPES_H 1
| #define HAVE_STDINT_H 1
| #define HAVE_STRINGS_H 1
| #define HAVE_SYS_STAT_H 1
| #define HAVE_SYS_TYPES_H 1
| #define HAVE_UNISTD_H 1
| #define STDC_HEADERS 1
| #define HAVE_DLFCN_H 1
| #define LT_OBJDIR ".libs/"
| #define PCRE_EXP_DECL extern __attribute__ ((visibility ("default")))
| #define PCRE_EXP_DEFN __attribute__ ((visibility ("default")))
| #define PCRE_EXP_DATA_DEFN __attribute__ ((visibility ("default")))
| #define PCREPOSIX_EXP_DECL extern __attribute__ ((visibility ("default")))
| #define PCREPOSIX_EXP_DEFN extern __attribute__ ((visibility ("default")))
| #define PCRECPP_EXP_DECL extern __attribute__ ((visibility ("default")))
| #define PCRECPP_EXP_DEFN __attribute__ ((visibility ("default")))
| #define HAVE_VISIBILITY 1
| #define HAVE_LIMITS_H 1
| #define HAVE_SYS_TYPES_H 1
| #define HAVE_SYS_STAT_H 1
| #define HAVE_DIRENT_H 1
| /* end confdefs.h.  */
| namespace pcrecpp {
|                                     class RE { static int no_arg; };
|                                     int RE::no_arg;
|                                   }
| int
| main (void)
| {
| 
|   ;
|   return 0;
| }
configure:19329: result: no
configure:19342: checking for string
configure:19342: /Users/tpetr/work/r2c/emsdk/upstream/emscripten/em++ -c -O2  conftest.cpp >&5
configure:19342: $? = 0
configure:19342: result: yes
configure:19354: checking for bits/type_traits.h
configure:19354: /Users/tpetr/work/r2c/emsdk/upstream/emscripten/em++ -c -O2  conftest.cpp >&5
conftest.cpp:64:10: fatal error: 'bits/type_traits.h' file not found
#include <bits/type_traits.h>
         ^~~~~~~~~~~~~~~~~~~~
1 error generated.
em++: error: '/Users/tpetr/work/r2c/emsdk/upstream/bin/clang++ -target wasm32-unknown-emscripten -fignore-exceptions -fvisibility=default -mllvm -combiner-global-alias-analysis=false -mllvm -enable-emscripten-sjlj -mllvm -disable-lsr -DEMSCRIPTEN -I/Users/tpetr/work/r2c/pcre-ocaml-js/.emscripten-cache/sysroot/include/SDL --sysroot=/Users/tpetr/work/r2c/pcre-ocaml-js/.emscripten-cache/sysroot -Xclang -iwithsysroot/include/compat -c -O2 conftest.cpp -o conftest.o' failed (returned 1)
configure:19354: $? = 1
configure: failed program was:
| /* confdefs.h */
| #define PACKAGE_NAME "PCRE"
| #define PACKAGE_TARNAME "pcre"
| #define PACKAGE_VERSION "8.45"
| #define PACKAGE_STRING "PCRE 8.45"
| #define PACKAGE_BUGREPORT ""
| #define PACKAGE_URL ""
| #define PACKAGE "pcre"
| #define VERSION "8.45"
| #define HAVE_STDIO_H 1
| #define HAVE_STDLIB_H 1
| #define HAVE_STRING_H 1
| #define HAVE_INTTYPES_H 1
| #define HAVE_STDINT_H 1
| #define HAVE_STRINGS_H 1
| #define HAVE_SYS_STAT_H 1
| #define HAVE_SYS_TYPES_H 1
| #define HAVE_UNISTD_H 1
| #define STDC_HEADERS 1
| #define HAVE_DLFCN_H 1
| #define LT_OBJDIR ".libs/"
| #define PCRE_EXP_DECL extern __attribute__ ((visibility ("default")))
| #define PCRE_EXP_DEFN __attribute__ ((visibility ("default")))
| #define PCRE_EXP_DATA_DEFN __attribute__ ((visibility ("default")))
| #define PCREPOSIX_EXP_DECL extern __attribute__ ((visibility ("default")))
| #define PCREPOSIX_EXP_DEFN extern __attribute__ ((visibility ("default")))
| #define PCRECPP_EXP_DECL extern __attribute__ ((visibility ("default")))
| #define PCRECPP_EXP_DEFN __attribute__ ((visibility ("default")))
| #define HAVE_VISIBILITY 1
| #define HAVE_LIMITS_H 1
| #define HAVE_SYS_TYPES_H 1
| #define HAVE_SYS_STAT_H 1
| #define HAVE_DIRENT_H 1
| #define HAVE_STRING 1
| /* end confdefs.h.  */
| #include <stddef.h>
| #ifdef HAVE_STDIO_H
| # include <stdio.h>
| #endif
| #ifdef HAVE_STDLIB_H
| # include <stdlib.h>
| #endif
| #ifdef HAVE_STRING_H
| # include <string.h>
| #endif
| #ifdef HAVE_INTTYPES_H
| # include <inttypes.h>
| #endif
| #ifdef HAVE_STDINT_H
| # include <stdint.h>
| #endif
| #ifdef HAVE_STRINGS_H
| # include <strings.h>
| #endif
| #ifdef HAVE_SYS_TYPES_H
| # include <sys/types.h>
| #endif
| #ifdef HAVE_SYS_STAT_H
| # include <sys/stat.h>
| #endif
| #ifdef HAVE_UNISTD_H
| # include <unistd.h>
| #endif
| #include <bits/type_traits.h>
configure:19354: result: no
configure:19366: checking for type_traits.h
configure:19366: /Users/tpetr/work/r2c/emsdk/upstream/emscripten/em++ -c -O2  conftest.cpp >&5
conftest.cpp:64:10: fatal error: 'type_traits.h' file not found
#include <type_traits.h>
         ^~~~~~~~~~~~~~~
1 error generated.
em++: error: '/Users/tpetr/work/r2c/emsdk/upstream/bin/clang++ -target wasm32-unknown-emscripten -fignore-exceptions -fvisibility=default -mllvm -combiner-global-alias-analysis=false -mllvm -enable-emscripten-sjlj -mllvm -disable-lsr -DEMSCRIPTEN -I/Users/tpetr/work/r2c/pcre-ocaml-js/.emscripten-cache/sysroot/include/SDL --sysroot=/Users/tpetr/work/r2c/pcre-ocaml-js/.emscripten-cache/sysroot -Xclang -iwithsysroot/include/compat -c -O2 conftest.cpp -o conftest.o' failed (returned 1)
configure:19366: $? = 1
configure: failed program was:
| /* confdefs.h */
| #define PACKAGE_NAME "PCRE"
| #define PACKAGE_TARNAME "pcre"
| #define PACKAGE_VERSION "8.45"
| #define PACKAGE_STRING "PCRE 8.45"
| #define PACKAGE_BUGREPORT ""
| #define PACKAGE_URL ""
| #define PACKAGE "pcre"
| #define VERSION "8.45"
| #define HAVE_STDIO_H 1
| #define HAVE_STDLIB_H 1
| #define HAVE_STRING_H 1
| #define HAVE_INTTYPES_H 1
| #define HAVE_STDINT_H 1
| #define HAVE_STRINGS_H 1
| #define HAVE_SYS_STAT_H 1
| #define HAVE_SYS_TYPES_H 1
| #define HAVE_UNISTD_H 1
| #define STDC_HEADERS 1
| #define HAVE_DLFCN_H 1
| #define LT_OBJDIR ".libs/"
| #define PCRE_EXP_DECL extern __attribute__ ((visibility ("default")))
| #define PCRE_EXP_DEFN __attribute__ ((visibility ("default")))
| #define PCRE_EXP_DATA_DEFN __attribute__ ((visibility ("default")))
| #define PCREPOSIX_EXP_DECL extern __attribute__ ((visibility ("default")))
| #define PCREPOSIX_EXP_DEFN extern __attribute__ ((visibility ("default")))
| #define PCRECPP_EXP_DECL extern __attribute__ ((visibility ("default")))
| #define PCRECPP_EXP_DEFN __attribute__ ((visibility ("default")))
| #define HAVE_VISIBILITY 1
| #define HAVE_LIMITS_H 1
| #define HAVE_SYS_TYPES_H 1
| #define HAVE_SYS_STAT_H 1
| #define HAVE_DIRENT_H 1
| #define HAVE_STRING 1
| /* end confdefs.h.  */
| #include <stddef.h>
| #ifdef HAVE_STDIO_H
| # include <stdio.h>
| #endif
| #ifdef HAVE_STDLIB_H
| # include <stdlib.h>
| #endif
| #ifdef HAVE_STRING_H
| # include <string.h>
| #endif
| #ifdef HAVE_INTTYPES_H
| # include <inttypes.h>
| #endif
| #ifdef HAVE_STDINT_H
| # include <stdint.h>
| #endif
| #ifdef HAVE_STRINGS_H
| # include <strings.h>
| #endif
| #ifdef HAVE_SYS_TYPES_H
| # include <sys/types.h>
| #endif
| #ifdef HAVE_SYS_STAT_H
| # include <sys/stat.h>
| #endif
| #ifdef HAVE_UNISTD_H
| # include <unistd.h>
| #endif
| #include <type_traits.h>
configure:19366: result: no
configure:19390: checking for strtoq
configure:19408: /Users/tpetr/work/r2c/emsdk/upstream/emscripten/em++ -c -O2  conftest.cpp >&5
conftest.cpp:40:17: error: use of undeclared identifier 'strtoq'; did you mean 'strtol'?
char* e; return strtoq("100", &e, 10)
                ^~~~~~
                strtol
/Users/tpetr/work/r2c/pcre-ocaml-js/.emscripten-cache/sysroot/include/stdlib.h:32:6: note: 'strtol' declared here
long strtol (const char *__restrict, char **__restrict, int);
     ^
1 error generated.
em++: error: '/Users/tpetr/work/r2c/emsdk/upstream/bin/clang++ -target wasm32-unknown-emscripten -fignore-exceptions -fvisibility=default -mllvm -combiner-global-alias-analysis=false -mllvm -enable-emscripten-sjlj -mllvm -disable-lsr -DEMSCRIPTEN -I/Users/tpetr/work/r2c/pcre-ocaml-js/.emscripten-cache/sysroot/include/SDL --sysroot=/Users/tpetr/work/r2c/pcre-ocaml-js/.emscripten-cache/sysroot -Xclang -iwithsysroot/include/compat -c -O2 conftest.cpp -o conftest.o' failed (returned 1)
configure:19408: $? = 1
configure: failed program was:
| /* confdefs.h */
| #define PACKAGE_NAME "PCRE"
| #define PACKAGE_TARNAME "pcre"
| #define PACKAGE_VERSION "8.45"
| #define PACKAGE_STRING "PCRE 8.45"
| #define PACKAGE_BUGREPORT ""
| #define PACKAGE_URL ""
| #define PACKAGE "pcre"
| #define VERSION "8.45"
| #define HAVE_STDIO_H 1
| #define HAVE_STDLIB_H 1
| #define HAVE_STRING_H 1
| #define HAVE_INTTYPES_H 1
| #define HAVE_STDINT_H 1
| #define HAVE_STRINGS_H 1
| #define HAVE_SYS_STAT_H 1
| #define HAVE_SYS_TYPES_H 1
| #define HAVE_UNISTD_H 1
| #define STDC_HEADERS 1
| #define HAVE_DLFCN_H 1
| #define LT_OBJDIR ".libs/"
| #define PCRE_EXP_DECL extern __attribute__ ((visibility ("default")))
| #define PCRE_EXP_DEFN __attribute__ ((visibility ("default")))
| #define PCRE_EXP_DATA_DEFN __attribute__ ((visibility ("default")))
| #define PCREPOSIX_EXP_DECL extern __attribute__ ((visibility ("default")))
| #define PCREPOSIX_EXP_DEFN extern __attribute__ ((visibility ("default")))
| #define PCRECPP_EXP_DECL extern __attribute__ ((visibility ("default")))
| #define PCRECPP_EXP_DEFN __attribute__ ((visibility ("default")))
| #define HAVE_VISIBILITY 1
| #define HAVE_LIMITS_H 1
| #define HAVE_SYS_TYPES_H 1
| #define HAVE_SYS_STAT_H 1
| #define HAVE_DIRENT_H 1
| #define HAVE_STRING 1
| /* end confdefs.h.  */
| #include <stdlib.h>
| int
| main (void)
| {
| char* e; return strtoq("100", &e, 10)
|   ;
|   return 0;
| }
configure:19420: result: no
configure:19390: checking for strtoll
configure:19408: /Users/tpetr/work/r2c/emsdk/upstream/emscripten/em++ -c -O2  conftest.cpp >&5
configure:19408: $? = 0
configure:19410: result: yes
configure:19427: checking for long long
configure:19427: /Users/tpetr/work/r2c/emsdk/upstream/emscripten/em++ -c -O2  conftest.cpp >&5
configure:19427: $? = 0
configure:19427: /Users/tpetr/work/r2c/emsdk/upstream/emscripten/em++ -c -O2  conftest.cpp >&5
conftest.cpp:68:24: error: expected expression
if (sizeof ((long long)))
                       ^
1 error generated.
em++: error: '/Users/tpetr/work/r2c/emsdk/upstream/bin/clang++ -target wasm32-unknown-emscripten -fignore-exceptions -fvisibility=default -mllvm -combiner-global-alias-analysis=false -mllvm -enable-emscripten-sjlj -mllvm -disable-lsr -DEMSCRIPTEN -I/Users/tpetr/work/r2c/pcre-ocaml-js/.emscripten-cache/sysroot/include/SDL --sysroot=/Users/tpetr/work/r2c/pcre-ocaml-js/.emscripten-cache/sysroot -Xclang -iwithsysroot/include/compat -c -O2 conftest.cpp -o conftest.o' failed (returned 1)
configure:19427: $? = 1
configure: failed program was:
| /* confdefs.h */
| #define PACKAGE_NAME "PCRE"
| #define PACKAGE_TARNAME "pcre"
| #define PACKAGE_VERSION "8.45"
| #define PACKAGE_STRING "PCRE 8.45"
| #define PACKAGE_BUGREPORT ""
| #define PACKAGE_URL ""
| #define PACKAGE "pcre"
| #define VERSION "8.45"
| #define HAVE_STDIO_H 1
| #define HAVE_STDLIB_H 1
| #define HAVE_STRING_H 1
| #define HAVE_INTTYPES_H 1
| #define HAVE_STDINT_H 1
| #define HAVE_STRINGS_H 1
| #define HAVE_SYS_STAT_H 1
| #define HAVE_SYS_TYPES_H 1
| #define HAVE_UNISTD_H 1
| #define STDC_HEADERS 1
| #define HAVE_DLFCN_H 1
| #define LT_OBJDIR ".libs/"
| #define PCRE_EXP_DECL extern __attribute__ ((visibility ("default")))
| #define PCRE_EXP_DEFN __attribute__ ((visibility ("default")))
| #define PCRE_EXP_DATA_DEFN __attribute__ ((visibility ("default")))
| #define PCREPOSIX_EXP_DECL extern __attribute__ ((visibility ("default")))
| #define PCREPOSIX_EXP_DEFN extern __attribute__ ((visibility ("default")))
| #define PCRECPP_EXP_DECL extern __attribute__ ((visibility ("default")))
| #define PCRECPP_EXP_DEFN __attribute__ ((visibility ("default")))
| #define HAVE_VISIBILITY 1
| #define HAVE_LIMITS_H 1
| #define HAVE_SYS_TYPES_H 1
| #define HAVE_SYS_STAT_H 1
| #define HAVE_DIRENT_H 1
| #define HAVE_STRING 1
| #define HAVE_STRTOLL 1
| /* end confdefs.h.  */
| #include <stddef.h>
| #ifdef HAVE_STDIO_H
| # include <stdio.h>
| #endif
| #ifdef HAVE_STDLIB_H
| # include <stdlib.h>
| #endif
| #ifdef HAVE_STRING_H
| # include <string.h>
| #endif
| #ifdef HAVE_INTTYPES_H
| # include <inttypes.h>
| #endif
| #ifdef HAVE_STDINT_H
| # include <stdint.h>
| #endif
| #ifdef HAVE_STRINGS_H
| # include <strings.h>
| #endif
| #ifdef HAVE_SYS_TYPES_H
| # include <sys/types.h>
| #endif
| #ifdef HAVE_SYS_STAT_H
| # include <sys/stat.h>
| #endif
| #ifdef HAVE_UNISTD_H
| # include <unistd.h>
| #endif
| int
| main (void)
| {
| if (sizeof ((long long)))
| 	    return 0;
|   ;
|   return 0;
| }
configure:19427: result: yes
configure:19438: checking for unsigned long long
configure:19438: /Users/tpetr/work/r2c/emsdk/upstream/emscripten/em++ -c -O2  conftest.cpp >&5
configure:19438: $? = 0
configure:19438: /Users/tpetr/work/r2c/emsdk/upstream/emscripten/em++ -c -O2  conftest.cpp >&5
conftest.cpp:69:33: error: expected expression
if (sizeof ((unsigned long long)))
                                ^
1 error generated.
em++: error: '/Users/tpetr/work/r2c/emsdk/upstream/bin/clang++ -target wasm32-unknown-emscripten -fignore-exceptions -fvisibility=default -mllvm -combiner-global-alias-analysis=false -mllvm -enable-emscripten-sjlj -mllvm -disable-lsr -DEMSCRIPTEN -I/Users/tpetr/work/r2c/pcre-ocaml-js/.emscripten-cache/sysroot/include/SDL --sysroot=/Users/tpetr/work/r2c/pcre-ocaml-js/.emscripten-cache/sysroot -Xclang -iwithsysroot/include/compat -c -O2 conftest.cpp -o conftest.o' failed (returned 1)
configure:19438: $? = 1
configure: failed program was:
| /* confdefs.h */
| #define PACKAGE_NAME "PCRE"
| #define PACKAGE_TARNAME "pcre"
| #define PACKAGE_VERSION "8.45"
| #define PACKAGE_STRING "PCRE 8.45"
| #define PACKAGE_BUGREPORT ""
| #define PACKAGE_URL ""
| #define PACKAGE "pcre"
| #define VERSION "8.45"
| #define HAVE_STDIO_H 1
| #define HAVE_STDLIB_H 1
| #define HAVE_STRING_H 1
| #define HAVE_INTTYPES_H 1
| #define HAVE_STDINT_H 1
| #define HAVE_STRINGS_H 1
| #define HAVE_SYS_STAT_H 1
| #define HAVE_SYS_TYPES_H 1
| #define HAVE_UNISTD_H 1
| #define STDC_HEADERS 1
| #define HAVE_DLFCN_H 1
| #define LT_OBJDIR ".libs/"
| #define PCRE_EXP_DECL extern __attribute__ ((visibility ("default")))
| #define PCRE_EXP_DEFN __attribute__ ((visibility ("default")))
| #define PCRE_EXP_DATA_DEFN __attribute__ ((visibility ("default")))
| #define PCREPOSIX_EXP_DECL extern __attribute__ ((visibility ("default")))
| #define PCREPOSIX_EXP_DEFN extern __attribute__ ((visibility ("default")))
| #define PCRECPP_EXP_DECL extern __attribute__ ((visibility ("default")))
| #define PCRECPP_EXP_DEFN __attribute__ ((visibility ("default")))
| #define HAVE_VISIBILITY 1
| #define HAVE_LIMITS_H 1
| #define HAVE_SYS_TYPES_H 1
| #define HAVE_SYS_STAT_H 1
| #define HAVE_DIRENT_H 1
| #define HAVE_STRING 1
| #define HAVE_STRTOLL 1
| #define HAVE_LONG_LONG 1
| /* end confdefs.h.  */
| #include <stddef.h>
| #ifdef HAVE_STDIO_H
| # include <stdio.h>
| #endif
| #ifdef HAVE_STDLIB_H
| # include <stdlib.h>
| #endif
| #ifdef HAVE_STRING_H
| # include <string.h>
| #endif
| #ifdef HAVE_INTTYPES_H
| # include <inttypes.h>
| #endif
| #ifdef HAVE_STDINT_H
| # include <stdint.h>
| #endif
| #ifdef HAVE_STRINGS_H
| # include <strings.h>
| #endif
| #ifdef HAVE_SYS_TYPES_H
| # include <sys/types.h>
| #endif
| #ifdef HAVE_SYS_STAT_H
| # include <sys/stat.h>
| #endif
| #ifdef HAVE_UNISTD_H
| # include <unistd.h>
| #endif
| int
| main (void)
| {
| if (sizeof ((unsigned long long)))
| 	    return 0;
|   ;
|   return 0;
| }
configure:19438: result: yes
configure:19535: checking for an ANSI C-conforming const
configure:19602: /Users/tpetr/work/r2c/emsdk/upstream/emscripten/emcc -c -g -O2  conftest.c >&5
configure:19602: $? = 0
configure:19610: result: yes
configure:19618: checking for size_t
configure:19618: /Users/tpetr/work/r2c/emsdk/upstream/emscripten/emcc -c -g -O2  conftest.c >&5
configure:19618: $? = 0
configure:19618: /Users/tpetr/work/r2c/emsdk/upstream/emscripten/emcc -c -g -O2  conftest.c >&5
conftest.c:70:21: error: expected expression
if (sizeof ((size_t)))
                    ^
1 error generated.
emcc: error: '/Users/tpetr/work/r2c/emsdk/upstream/bin/clang -target wasm32-unknown-emscripten -fignore-exceptions -fvisibility=default -mllvm -combiner-global-alias-analysis=false -mllvm -enable-emscripten-sjlj -mllvm -disable-lsr -DEMSCRIPTEN -Werror=implicit-function-declaration -I/Users/tpetr/work/r2c/pcre-ocaml-js/.emscripten-cache/sysroot/include/SDL --sysroot=/Users/tpetr/work/r2c/pcre-ocaml-js/.emscripten-cache/sysroot -Xclang -iwithsysroot/include/compat -c -g3 -O2 conftest.c -o conftest.o' failed (returned 1)
configure:19618: $? = 1
configure: failed program was:
| /* confdefs.h */
| #define PACKAGE_NAME "PCRE"
| #define PACKAGE_TARNAME "pcre"
| #define PACKAGE_VERSION "8.45"
| #define PACKAGE_STRING "PCRE 8.45"
| #define PACKAGE_BUGREPORT ""
| #define PACKAGE_URL ""
| #define PACKAGE "pcre"
| #define VERSION "8.45"
| #define HAVE_STDIO_H 1
| #define HAVE_STDLIB_H 1
| #define HAVE_STRING_H 1
| #define HAVE_INTTYPES_H 1
| #define HAVE_STDINT_H 1
| #define HAVE_STRINGS_H 1
| #define HAVE_SYS_STAT_H 1
| #define HAVE_SYS_TYPES_H 1
| #define HAVE_UNISTD_H 1
| #define STDC_HEADERS 1
| #define HAVE_DLFCN_H 1
| #define LT_OBJDIR ".libs/"
| #define PCRE_EXP_DECL extern __attribute__ ((visibility ("default")))
| #define PCRE_EXP_DEFN __attribute__ ((visibility ("default")))
| #define PCRE_EXP_DATA_DEFN __attribute__ ((visibility ("default")))
| #define PCREPOSIX_EXP_DECL extern __attribute__ ((visibility ("default")))
| #define PCREPOSIX_EXP_DEFN extern __attribute__ ((visibility ("default")))
| #define PCRECPP_EXP_DECL extern __attribute__ ((visibility ("default")))
| #define PCRECPP_EXP_DEFN __attribute__ ((visibility ("default")))
| #define HAVE_VISIBILITY 1
| #define HAVE_LIMITS_H 1
| #define HAVE_SYS_TYPES_H 1
| #define HAVE_SYS_STAT_H 1
| #define HAVE_DIRENT_H 1
| #define HAVE_STRING 1
| #define HAVE_STRTOLL 1
| #define HAVE_LONG_LONG 1
| #define HAVE_UNSIGNED_LONG_LONG 1
| /* end confdefs.h.  */
| #include <stddef.h>
| #ifdef HAVE_STDIO_H
| # include <stdio.h>
| #endif
| #ifdef HAVE_STDLIB_H
| # include <stdlib.h>
| #endif
| #ifdef HAVE_STRING_H
| # include <string.h>
| #endif
| #ifdef HAVE_INTTYPES_H
| # include <inttypes.h>
| #endif
| #ifdef HAVE_STDINT_H
| # include <stdint.h>
| #endif
| #ifdef HAVE_STRINGS_H
| # include <strings.h>
| #endif
| #ifdef HAVE_SYS_TYPES_H
| # include <sys/types.h>
| #endif
| #ifdef HAVE_SYS_STAT_H
| # include <sys/stat.h>
| #endif
| #ifdef HAVE_UNISTD_H
| # include <unistd.h>
| #endif
| int
| main (void)
| {
| if (sizeof ((size_t)))
| 	    return 0;
|   ;
|   return 0;
| }
configure:19618: result: yes
configure:19631: checking for bcopy
configure:19631: /Users/tpetr/work/r2c/emsdk/upstream/emscripten/emcc -o conftest -g -O2   conftest.c  >&5
wasm-ld: warning: function signature mismatch: bcopy
>>> defined as () -> i32 in /var/folders/n7/st1jz_yx6wlc8lzzpwfgq3y40000gn/T/emscripten_temp_uzak7xj0/conftest_0.o
>>> defined as (i32, i32, i32) -> void in /Users/tpetr/work/r2c/pcre-ocaml-js/.emscripten-cache/sysroot/lib/wasm32-emscripten/libc.a(bcopy.o)
emcc: warning: running limited binaryen optimizations because DWARF info requested (or indirectly required) [-Wlimited-postlink-optimizations]
configure:19631: $? = 0
configure:19631: result: yes
configure:19637: checking for memmove
configure:19637: /Users/tpetr/work/r2c/emsdk/upstream/emscripten/emcc -o conftest -g -O2   conftest.c  >&5
conftest.c:56:6: warning: incompatible redeclaration of library function 'memmove' [-Wincompatible-library-redeclaration]
char memmove ();
     ^
conftest.c:56:6: note: 'memmove' is a builtin with type 'void *(void *, const void *, unsigned long)'
1 warning generated.
wasm-ld: warning: function signature mismatch: memmove
>>> defined as () -> i32 in /var/folders/n7/st1jz_yx6wlc8lzzpwfgq3y40000gn/T/emscripten_temp_nphnk92q/conftest_0.o
>>> defined as (i32, i32, i32) -> i32 in /Users/tpetr/work/r2c/pcre-ocaml-js/.emscripten-cache/sysroot/lib/wasm32-emscripten/libc.a(emscripten_memmove.o)
emcc: warning: running limited binaryen optimizations because DWARF info requested (or indirectly required) [-Wlimited-postlink-optimizations]
configure:19637: $? = 0
configure:19637: result: yes
configure:19643: checking for strerror
configure:19643: /Users/tpetr/work/r2c/emsdk/upstream/emscripten/emcc -o conftest -g -O2   conftest.c  >&5
conftest.c:57:6: warning: incompatible redeclaration of library function 'strerror' [-Wincompatible-library-redeclaration]
char strerror ();
     ^
conftest.c:57:6: note: 'strerror' is a builtin with type 'char *(int)'
1 warning generated.
wasm-ld: warning: function signature mismatch: strerror
>>> defined as () -> i32 in /var/folders/n7/st1jz_yx6wlc8lzzpwfgq3y40000gn/T/emscripten_temp_n7bky9ut/conftest_0.o
>>> defined as (i32) -> i32 in /Users/tpetr/work/r2c/pcre-ocaml-js/.emscripten-cache/sysroot/lib/wasm32-emscripten/libc.a(strerror.o)
emcc: warning: running limited binaryen optimizations because DWARF info requested (or indirectly required) [-Wlimited-postlink-optimizations]
configure:19643: $? = 0
configure:19643: result: yes
configure:19655: checking for zlib.h
configure:19655: /Users/tpetr/work/r2c/emsdk/upstream/emscripten/emcc -c -g -O2  conftest.c >&5
conftest.c:70:10: fatal error: 'zlib.h' file not found
#include <zlib.h>
         ^~~~~~~~
1 error generated.
emcc: error: '/Users/tpetr/work/r2c/emsdk/upstream/bin/clang -target wasm32-unknown-emscripten -fignore-exceptions -fvisibility=default -mllvm -combiner-global-alias-analysis=false -mllvm -enable-emscripten-sjlj -mllvm -disable-lsr -DEMSCRIPTEN -Werror=implicit-function-declaration -I/Users/tpetr/work/r2c/pcre-ocaml-js/.emscripten-cache/sysroot/include/SDL --sysroot=/Users/tpetr/work/r2c/pcre-ocaml-js/.emscripten-cache/sysroot -Xclang -iwithsysroot/include/compat -c -g3 -O2 conftest.c -o conftest.o' failed (returned 1)
configure:19655: $? = 1
configure: failed program was:
| /* confdefs.h */
| #define PACKAGE_NAME "PCRE"
| #define PACKAGE_TARNAME "pcre"
| #define PACKAGE_VERSION "8.45"
| #define PACKAGE_STRING "PCRE 8.45"
| #define PACKAGE_BUGREPORT ""
| #define PACKAGE_URL ""
| #define PACKAGE "pcre"
| #define VERSION "8.45"
| #define HAVE_STDIO_H 1
| #define HAVE_STDLIB_H 1
| #define HAVE_STRING_H 1
| #define HAVE_INTTYPES_H 1
| #define HAVE_STDINT_H 1
| #define HAVE_STRINGS_H 1
| #define HAVE_SYS_STAT_H 1
| #define HAVE_SYS_TYPES_H 1
| #define HAVE_UNISTD_H 1
| #define STDC_HEADERS 1
| #define HAVE_DLFCN_H 1
| #define LT_OBJDIR ".libs/"
| #define PCRE_EXP_DECL extern __attribute__ ((visibility ("default")))
| #define PCRE_EXP_DEFN __attribute__ ((visibility ("default")))
| #define PCRE_EXP_DATA_DEFN __attribute__ ((visibility ("default")))
| #define PCREPOSIX_EXP_DECL extern __attribute__ ((visibility ("default")))
| #define PCREPOSIX_EXP_DEFN extern __attribute__ ((visibility ("default")))
| #define PCRECPP_EXP_DECL extern __attribute__ ((visibility ("default")))
| #define PCRECPP_EXP_DEFN __attribute__ ((visibility ("default")))
| #define HAVE_VISIBILITY 1
| #define HAVE_LIMITS_H 1
| #define HAVE_SYS_TYPES_H 1
| #define HAVE_SYS_STAT_H 1
| #define HAVE_DIRENT_H 1
| #define HAVE_STRING 1
| #define HAVE_STRTOLL 1
| #define HAVE_LONG_LONG 1
| #define HAVE_UNSIGNED_LONG_LONG 1
| #define HAVE_BCOPY 1
| #define HAVE_MEMMOVE 1
| #define HAVE_STRERROR 1
| /* end confdefs.h.  */
| #include <stddef.h>
| #ifdef HAVE_STDIO_H
| # include <stdio.h>
| #endif
| #ifdef HAVE_STDLIB_H
| # include <stdlib.h>
| #endif
| #ifdef HAVE_STRING_H
| # include <string.h>
| #endif
| #ifdef HAVE_INTTYPES_H
| # include <inttypes.h>
| #endif
| #ifdef HAVE_STDINT_H
| # include <stdint.h>
| #endif
| #ifdef HAVE_STRINGS_H
| # include <strings.h>
| #endif
| #ifdef HAVE_SYS_TYPES_H
| # include <sys/types.h>
| #endif
| #ifdef HAVE_SYS_STAT_H
| # include <sys/stat.h>
| #endif
| #ifdef HAVE_UNISTD_H
| # include <unistd.h>
| #endif
| #include <zlib.h>
configure:19655: result: no
configure:19663: checking for gzopen in -lz
configure:19686: /Users/tpetr/work/r2c/emsdk/upstream/emscripten/emcc -o conftest -g -O2   conftest.c -lz   >&5
wasm-ld: error: unable to find library -lz
emcc: error: '/Users/tpetr/work/r2c/emsdk/upstream/bin/wasm-ld -o conftest.wasm /var/folders/n7/st1jz_yx6wlc8lzzpwfgq3y40000gn/T/emscripten_temp_1cji9zwx/conftest_0.o -lz -L/Users/tpetr/work/r2c/pcre-ocaml-js/.emscripten-cache/sysroot/lib/wasm32-emscripten -lGL -lal -lhtml5 -lstubs -lc -ldlmalloc -lcompiler_rt -lc++-noexcept -lc++abi-noexcept -lsockets -mllvm -combiner-global-alias-analysis=false -mllvm -enable-emscripten-sjlj -mllvm -disable-lsr --allow-undefined-file=/var/folders/n7/st1jz_yx6wlc8lzzpwfgq3y40000gn/T/tmpa_x8kqjn.undefined --export-if-defined=main --export-if-defined=__start_em_asm --export-if-defined=__stop_em_asm --export-if-defined=__start_em_lib_deps --export-if-defined=__stop_em_lib_deps --export-if-defined=__start_em_js --export-if-defined=__stop_em_js --export-if-defined=__main_argc_argv --export-if-defined=fflush --export=stackSave --export=stackRestore --export=stackAlloc --export=__wasm_call_ctors --export=__errno_location --export=__get_temp_ret --export=__set_temp_ret --export=__funcs_on_exit --export-table -z stack-size=65536 --initial-memory=16777216 --no-entry --max-memory=16777216 --global-base=1024' failed (returned 1)
configure:19686: $? = 1
configure: failed program was:
| /* confdefs.h */
| #define PACKAGE_NAME "PCRE"
| #define PACKAGE_TARNAME "pcre"
| #define PACKAGE_VERSION "8.45"
| #define PACKAGE_STRING "PCRE 8.45"
| #define PACKAGE_BUGREPORT ""
| #define PACKAGE_URL ""
| #define PACKAGE "pcre"
| #define VERSION "8.45"
| #define HAVE_STDIO_H 1
| #define HAVE_STDLIB_H 1
| #define HAVE_STRING_H 1
| #define HAVE_INTTYPES_H 1
| #define HAVE_STDINT_H 1
| #define HAVE_STRINGS_H 1
| #define HAVE_SYS_STAT_H 1
| #define HAVE_SYS_TYPES_H 1
| #define HAVE_UNISTD_H 1
| #define STDC_HEADERS 1
| #define HAVE_DLFCN_H 1
| #define LT_OBJDIR ".libs/"
| #define PCRE_EXP_DECL extern __attribute__ ((visibility ("default")))
| #define PCRE_EXP_DEFN __attribute__ ((visibility ("default")))
| #define PCRE_EXP_DATA_DEFN __attribute__ ((visibility ("default")))
| #define PCREPOSIX_EXP_DECL extern __attribute__ ((visibility ("default")))
| #define PCREPOSIX_EXP_DEFN extern __attribute__ ((visibility ("default")))
| #define PCRECPP_EXP_DECL extern __attribute__ ((visibility ("default")))
| #define PCRECPP_EXP_DEFN __attribute__ ((visibility ("default")))
| #define HAVE_VISIBILITY 1
| #define HAVE_LIMITS_H 1
| #define HAVE_SYS_TYPES_H 1
| #define HAVE_SYS_STAT_H 1
| #define HAVE_DIRENT_H 1
| #define HAVE_STRING 1
| #define HAVE_STRTOLL 1
| #define HAVE_LONG_LONG 1
| #define HAVE_UNSIGNED_LONG_LONG 1
| #define HAVE_BCOPY 1
| #define HAVE_MEMMOVE 1
| #define HAVE_STRERROR 1
| /* end confdefs.h.  */
| 
| /* Override any GCC internal prototype to avoid an error.
|    Use char because int might match the return type of a GCC
|    builtin and then its argument prototype would still apply.  */
| char gzopen ();
| int
| main (void)
| {
| return gzopen ();
|   ;
|   return 0;
| }
configure:19696: result: no
configure:19722: checking for bzlib.h
configure:19722: /Users/tpetr/work/r2c/emsdk/upstream/emscripten/emcc -c -g -O2  conftest.c >&5
conftest.c:70:10: fatal error: 'bzlib.h' file not found
#include <bzlib.h>
         ^~~~~~~~~
1 error generated.
emcc: error: '/Users/tpetr/work/r2c/emsdk/upstream/bin/clang -target wasm32-unknown-emscripten -fignore-exceptions -fvisibility=default -mllvm -combiner-global-alias-analysis=false -mllvm -enable-emscripten-sjlj -mllvm -disable-lsr -DEMSCRIPTEN -Werror=implicit-function-declaration -I/Users/tpetr/work/r2c/pcre-ocaml-js/.emscripten-cache/sysroot/include/SDL --sysroot=/Users/tpetr/work/r2c/pcre-ocaml-js/.emscripten-cache/sysroot -Xclang -iwithsysroot/include/compat -c -g3 -O2 conftest.c -o conftest.o' failed (returned 1)
configure:19722: $? = 1
configure: failed program was:
| /* confdefs.h */
| #define PACKAGE_NAME "PCRE"
| #define PACKAGE_TARNAME "pcre"
| #define PACKAGE_VERSION "8.45"
| #define PACKAGE_STRING "PCRE 8.45"
| #define PACKAGE_BUGREPORT ""
| #define PACKAGE_URL ""
| #define PACKAGE "pcre"
| #define VERSION "8.45"
| #define HAVE_STDIO_H 1
| #define HAVE_STDLIB_H 1
| #define HAVE_STRING_H 1
| #define HAVE_INTTYPES_H 1
| #define HAVE_STDINT_H 1
| #define HAVE_STRINGS_H 1
| #define HAVE_SYS_STAT_H 1
| #define HAVE_SYS_TYPES_H 1
| #define HAVE_UNISTD_H 1
| #define STDC_HEADERS 1
| #define HAVE_DLFCN_H 1
| #define LT_OBJDIR ".libs/"
| #define PCRE_EXP_DECL extern __attribute__ ((visibility ("default")))
| #define PCRE_EXP_DEFN __attribute__ ((visibility ("default")))
| #define PCRE_EXP_DATA_DEFN __attribute__ ((visibility ("default")))
| #define PCREPOSIX_EXP_DECL extern __attribute__ ((visibility ("default")))
| #define PCREPOSIX_EXP_DEFN extern __attribute__ ((visibility ("default")))
| #define PCRECPP_EXP_DECL extern __attribute__ ((visibility ("default")))
| #define PCRECPP_EXP_DEFN __attribute__ ((visibility ("default")))
| #define HAVE_VISIBILITY 1
| #define HAVE_LIMITS_H 1
| #define HAVE_SYS_TYPES_H 1
| #define HAVE_SYS_STAT_H 1
| #define HAVE_DIRENT_H 1
| #define HAVE_STRING 1
| #define HAVE_STRTOLL 1
| #define HAVE_LONG_LONG 1
| #define HAVE_UNSIGNED_LONG_LONG 1
| #define HAVE_BCOPY 1
| #define HAVE_MEMMOVE 1
| #define HAVE_STRERROR 1
| /* end confdefs.h.  */
| #include <stddef.h>
| #ifdef HAVE_STDIO_H
| # include <stdio.h>
| #endif
| #ifdef HAVE_STDLIB_H
| # include <stdlib.h>
| #endif
| #ifdef HAVE_STRING_H
| # include <string.h>
| #endif
| #ifdef HAVE_INTTYPES_H
| # include <inttypes.h>
| #endif
| #ifdef HAVE_STDINT_H
| # include <stdint.h>
| #endif
| #ifdef HAVE_STRINGS_H
| # include <strings.h>
| #endif
| #ifdef HAVE_SYS_TYPES_H
| # include <sys/types.h>
| #endif
| #ifdef HAVE_SYS_STAT_H
| # include <sys/stat.h>
| #endif
| #ifdef HAVE_UNISTD_H
| # include <unistd.h>
| #endif
| #include <bzlib.h>
configure:19722: result: no
configure:19735: checking for libbz2
configure:19753: /Users/tpetr/work/r2c/emsdk/upstream/emscripten/emcc -o conftest -g -O2   conftest.c  -lbz2 >&5
conftest.c:49:13: error: call to undeclared function 'BZ2_bzopen'; ISO C99 and later do not support implicit function declarations [-Wimplicit-function-declaration]
return (int)BZ2_bzopen("conftest", "rb");
            ^
1 error generated.
emcc: error: '/Users/tpetr/work/r2c/emsdk/upstream/bin/clang -target wasm32-unknown-emscripten -fignore-exceptions -fvisibility=default -mllvm -combiner-global-alias-analysis=false -mllvm -enable-emscripten-sjlj -mllvm -disable-lsr -DEMSCRIPTEN -Werror=implicit-function-declaration -I/Users/tpetr/work/r2c/pcre-ocaml-js/.emscripten-cache/sysroot/include/SDL --sysroot=/Users/tpetr/work/r2c/pcre-ocaml-js/.emscripten-cache/sysroot -Xclang -iwithsysroot/include/compat -g3 -O2 conftest.c -c -o /var/folders/n7/st1jz_yx6wlc8lzzpwfgq3y40000gn/T/emscripten_temp_bwyxar3w/conftest_0.o' failed (returned 1)
configure:19753: $? = 1
configure: failed program was:
| /* confdefs.h */
| #define PACKAGE_NAME "PCRE"
| #define PACKAGE_TARNAME "pcre"
| #define PACKAGE_VERSION "8.45"
| #define PACKAGE_STRING "PCRE 8.45"
| #define PACKAGE_BUGREPORT ""
| #define PACKAGE_URL ""
| #define PACKAGE "pcre"
| #define VERSION "8.45"
| #define HAVE_STDIO_H 1
| #define HAVE_STDLIB_H 1
| #define HAVE_STRING_H 1
| #define HAVE_INTTYPES_H 1
| #define HAVE_STDINT_H 1
| #define HAVE_STRINGS_H 1
| #define HAVE_SYS_STAT_H 1
| #define HAVE_SYS_TYPES_H 1
| #define HAVE_UNISTD_H 1
| #define STDC_HEADERS 1
| #define HAVE_DLFCN_H 1
| #define LT_OBJDIR ".libs/"
| #define PCRE_EXP_DECL extern __attribute__ ((visibility ("default")))
| #define PCRE_EXP_DEFN __attribute__ ((visibility ("default")))
| #define PCRE_EXP_DATA_DEFN __attribute__ ((visibility ("default")))
| #define PCREPOSIX_EXP_DECL extern __attribute__ ((visibility ("default")))
| #define PCREPOSIX_EXP_DEFN extern __attribute__ ((visibility ("default")))
| #define PCRECPP_EXP_DECL extern __attribute__ ((visibility ("default")))
| #define PCRECPP_EXP_DEFN __attribute__ ((visibility ("default")))
| #define HAVE_VISIBILITY 1
| #define HAVE_LIMITS_H 1
| #define HAVE_SYS_TYPES_H 1
| #define HAVE_SYS_STAT_H 1
| #define HAVE_DIRENT_H 1
| #define HAVE_STRING 1
| #define HAVE_STRTOLL 1
| #define HAVE_LONG_LONG 1
| #define HAVE_UNSIGNED_LONG_LONG 1
| #define HAVE_BCOPY 1
| #define HAVE_MEMMOVE 1
| #define HAVE_STRERROR 1
| /* end confdefs.h.  */
| 
| #ifdef HAVE_BZLIB_H
| #include <bzlib.h>
| #endif
| int
| main (void)
| {
| return (int)BZ2_bzopen("conftest", "rb");
|   ;
|   return 0;
| }
configure:19758: result: no
configure:21337: checking that generated files are newer than configure
configure:21343: result: done
configure:21410: creating ./config.status

## ---------------------- ##
## Running config.status. ##
## ---------------------- ##

This file was extended by PCRE config.status 8.45, which was
generated by GNU Autoconf 2.71.  Invocation command line was

  CONFIG_FILES    = 
  CONFIG_HEADERS  = 
  CONFIG_LINKS    = 
  CONFIG_COMMANDS = 
  $ ./config.status 

on Thomass-MacBook-Pro.local

config.status:1239: creating Makefile
config.status:1239: creating libpcre.pc
config.status:1239: creating libpcre16.pc
config.status:1239: creating libpcre32.pc
config.status:1239: creating libpcreposix.pc
config.status:1239: creating libpcrecpp.pc
config.status:1239: creating pcre-config
config.status:1239: creating pcre.h
config.status:1239: creating pcre_stringpiece.h
config.status:1239: creating pcrecpparg.h
config.status:1239: creating config.h
config.status:1420: config.h is unchanged
config.status:1468: executing depfiles commands
config.status:1545: cd .       && sed -e '/# am--include-marker/d' Makefile         | make -f - am--depfiles
make: Nothing to be done for `am--depfiles'.
config.status:1550: $? = 0
config.status:1468: executing libtool commands
config.status:1468: executing script-chmod commands
config.status:1468: executing delete-old-chartables commands

## ---------------- ##
## Cache variables. ##
## ---------------- ##

ac_cv_build=aarch64-apple-darwin22.2.0
ac_cv_c_compiler_gnu=yes
ac_cv_c_const=yes
ac_cv_c_int64_t=yes
ac_cv_cxx_compiler_gnu=yes
ac_cv_env_CCC_set=
ac_cv_env_CCC_value=
ac_cv_env_CC_set=set
ac_cv_env_CC_value=/Users/tpetr/work/r2c/emsdk/upstream/emscripten/emcc
ac_cv_env_CFLAGS_set=
ac_cv_env_CFLAGS_value=
ac_cv_env_CPPFLAGS_set=
ac_cv_env_CPPFLAGS_value=
ac_cv_env_CXXCPP_set=
ac_cv_env_CXXCPP_value=
ac_cv_env_CXXFLAGS_set=
ac_cv_env_CXXFLAGS_value=
ac_cv_env_CXX_set=set
ac_cv_env_CXX_value=/Users/tpetr/work/r2c/emsdk/upstream/emscripten/em++
ac_cv_env_GENHTML_set=
ac_cv_env_GENHTML_value=
ac_cv_env_LCOV_set=
ac_cv_env_LCOV_value=
ac_cv_env_LDFLAGS_set=
ac_cv_env_LDFLAGS_value=
ac_cv_env_LIBS_set=
ac_cv_env_LIBS_value=
ac_cv_env_LT_SYS_LIBRARY_PATH_set=
ac_cv_env_LT_SYS_LIBRARY_PATH_value=
ac_cv_env_PKG_CONFIG_LIBDIR_set=set
ac_cv_env_PKG_CONFIG_LIBDIR_value=/Users/tpetr/work/r2c/pcre-ocaml-js/.emscripten-cache/sysroot/local/lib/pkgconfig:/Users/tpetr/work/r2c/pcre-ocaml-js/.emscripten-cache/sysroot/lib/pkgconfig
ac_cv_env_PKG_CONFIG_PATH_set=set
ac_cv_env_PKG_CONFIG_PATH_value=
ac_cv_env_PKG_CONFIG_set=
ac_cv_env_PKG_CONFIG_value=
ac_cv_env_VALGRIND_CFLAGS_set=
ac_cv_env_VALGRIND_CFLAGS_value=
ac_cv_env_VALGRIND_LIBS_set=
ac_cv_env_VALGRIND_LIBS_value=
ac_cv_env_build_alias_set=
ac_cv_env_build_alias_value=
ac_cv_env_host_alias_set=
ac_cv_env_host_alias_value=
ac_cv_env_target_alias_set=
ac_cv_env_target_alias_value=
ac_cv_func_bcopy=yes
ac_cv_func_memmove=yes
ac_cv_func_strerror=yes
ac_cv_header_bits_type_traits_h=no
ac_cv_header_bzlib_h=no
ac_cv_header_dirent_h=yes
ac_cv_header_dlfcn_h=yes
ac_cv_header_inttypes_h=yes
ac_cv_header_limits_h=yes
ac_cv_header_stdint_h=yes
ac_cv_header_stdio_h=yes
ac_cv_header_stdlib_h=yes
ac_cv_header_string=yes
ac_cv_header_string_h=yes
ac_cv_header_strings_h=yes
ac_cv_header_sys_stat_h=yes
ac_cv_header_sys_types_h=yes
ac_cv_header_type_traits_h=no
ac_cv_header_unistd_h=yes
ac_cv_header_windows_h=no
ac_cv_header_zlib_h=no
ac_cv_host=aarch64-apple-darwin22.2.0
ac_cv_lib_z_gzopen=no
ac_cv_objext=o
ac_cv_path_EGREP='/usr/bin/grep -E'
ac_cv_path_FGREP='/usr/bin/grep -F'
ac_cv_path_GREP=/usr/bin/grep
ac_cv_path_SED=/usr/bin/sed
ac_cv_path_install='/usr/bin/install -c'
ac_cv_path_lt_DD=/bin/dd
ac_cv_prog_AWK=awk
ac_cv_prog_CXXCPP='/Users/tpetr/work/r2c/emsdk/upstream/emscripten/em++ -E'
ac_cv_prog_ac_ct_CC=/Users/tpetr/work/r2c/emsdk/upstream/emscripten/emcc
ac_cv_prog_ac_ct_DLLTOOL=dlltool
ac_cv_prog_ac_ct_DSYMUTIL=dsymutil
ac_cv_prog_ac_ct_LIPO=lipo
ac_cv_prog_ac_ct_NMEDIT=nmedit
ac_cv_prog_ac_ct_OBJDUMP=objdump
ac_cv_prog_ac_ct_OTOOL=otool
ac_cv_prog_ac_ct_RANLIB=/Users/tpetr/work/r2c/emsdk/upstream/emscripten/emranlib
ac_cv_prog_ac_ct_STRIP=strip
ac_cv_prog_cc_c11=
ac_cv_prog_cc_g=yes
ac_cv_prog_cc_stdc=
ac_cv_prog_cxx_11=no
ac_cv_prog_cxx_cxx11=
ac_cv_prog_cxx_g=yes
ac_cv_prog_cxx_stdcxx=
ac_cv_prog_make_make_set=yes
ac_cv_type_long_long=yes
ac_cv_type_size_t=yes
ac_cv_type_unsigned_long_long=yes
am_cv_CC_dependencies_compiler_type=gcc3
am_cv_CXX_dependencies_compiler_type=gcc3
am_cv_ar_interface=ar
am_cv_make_support_nested_variables=yes
am_cv_prog_cc_c_o=yes
lt_cv_apple_cc_single_mod=no
lt_cv_ar_at_file=@
lt_cv_archive_cmds_need_lc=yes
lt_cv_deplibs_check_method=pass_all
lt_cv_file_magic_cmd='$MAGIC_CMD'
lt_cv_file_magic_test_file=
lt_cv_ld_exported_symbols_list=no
lt_cv_ld_force_load=no
lt_cv_ld_reload_flag=-r
lt_cv_nm_interface='BSD nm'
lt_cv_objdir=.libs
lt_cv_path_LD=/Users/tpetr/work/r2c/emsdk/upstream/emscripten/emcc
lt_cv_path_LDCXX=/Users/tpetr/work/r2c/emsdk/upstream/emscripten/emcc
lt_cv_path_NM=/Users/tpetr/work/r2c/emsdk/upstream/bin/llvm-nm
lt_cv_path_mainfest_tool=no
lt_cv_prog_compiler_c_o=yes
lt_cv_prog_compiler_c_o_CXX=yes
lt_cv_prog_compiler_pic='-fno-common -DPIC'
lt_cv_prog_compiler_pic_CXX='-fno-common -DPIC'
lt_cv_prog_compiler_pic_works=yes
lt_cv_prog_compiler_pic_works_CXX=yes
lt_cv_prog_compiler_rtti_exceptions=yes
lt_cv_prog_compiler_static_works=yes
lt_cv_prog_compiler_static_works_CXX=yes
lt_cv_prog_gnu_ld=yes
lt_cv_prog_gnu_ldcxx=yes
lt_cv_sharedlib_from_linklib_cmd='printf %s\n'
lt_cv_sys_global_symbol_pipe='sed -n -e '\''s/^.*[	 ]\([ABCDGIRSTW][ABCDGIRSTW]*\)[	 ][	 ]*\([_A-Za-z][_A-Za-z0-9]*\)$/\1 \2 \2/p'\'' | sed '\''/ __gnu_lto/d'\'''
lt_cv_sys_global_symbol_to_c_name_address='sed -n -e '\''s/^: \(.*\) .*$/  {"\1", (void *) 0},/p'\'' -e '\''s/^[ABCDGIRSTW][ABCDGIRSTW]* .* \(.*\)$/  {"\1", (void *) \&\1},/p'\'''
lt_cv_sys_global_symbol_to_c_name_address_lib_prefix='sed -n -e '\''s/^: \(.*\) .*$/  {"\1", (void *) 0},/p'\'' -e '\''s/^[ABCDGIRSTW][ABCDGIRSTW]* .* \(lib.*\)$/  {"\1", (void *) \&\1},/p'\'' -e '\''s/^[ABCDGIRSTW][ABCDGIRSTW]* .* \(.*\)$/  {"lib\1", (void *) \&\1},/p'\'''
lt_cv_sys_global_symbol_to_cdecl='sed -n -e '\''s/^T .* \(.*\)$/extern int \1();/p'\'' -e '\''s/^[ABCDGIRSTW][ABCDGIRSTW]* .* \(.*\)$/extern char \1;/p'\'''
lt_cv_sys_global_symbol_to_import=
lt_cv_sys_max_cmd_len=786432
lt_cv_to_host_file_cmd=func_convert_file_noop
lt_cv_to_tool_file_cmd=func_convert_file_noop
lt_cv_truncate_bin='/bin/dd bs=4096 count=1'
pcre_cv_cc_vis_werror=yes
pcre_cv_cc_visibility=yes

## ----------------- ##
## Output variables. ##
## ----------------- ##

ACLOCAL='${SHELL} '\''/Users/tpetr/work/r2c/pcre-ocaml-js/pcre-8.45/missing'\'' aclocal-1.16'
AMDEPBACKSLASH='\'
AMDEP_FALSE='#'
AMDEP_TRUE=''
AMTAR='$${TAR-tar}'
AM_BACKSLASH='\'
AM_DEFAULT_V='$(AM_DEFAULT_VERBOSITY)'
AM_DEFAULT_VERBOSITY='0'
AM_V='$(V)'
AR='/Users/tpetr/work/r2c/emsdk/upstream/emscripten/emar'
AS='as'
AUTOCONF='${SHELL} '\''/Users/tpetr/work/r2c/pcre-ocaml-js/pcre-8.45/missing'\'' autoconf'
AUTOHEADER='${SHELL} '\''/Users/tpetr/work/r2c/pcre-ocaml-js/pcre-8.45/missing'\'' autoheader'
AUTOMAKE='${SHELL} '\''/Users/tpetr/work/r2c/pcre-ocaml-js/pcre-8.45/missing'\'' automake-1.16'
AWK='awk'
CC='/Users/tpetr/work/r2c/emsdk/upstream/emscripten/emcc'
CCDEPMODE='depmode=gcc3'
CFLAGS='-g -O2'
CPPFLAGS=''
CXX='/Users/tpetr/work/r2c/emsdk/upstream/emscripten/em++'
CXXCPP='/Users/tpetr/work/r2c/emsdk/upstream/emscripten/em++ -E'
CXXDEPMODE='depmode=gcc3'
CXXFLAGS='-O2'
CYGPATH_W='echo'
DEFS='-DHAVE_CONFIG_H'
DEPDIR='.deps'
DISTCHECK_CONFIGURE_FLAGS='CFLAGS='\'''\'' CXXFLAGS='\'''\'' --enable-pcre16 --enable-pcre32 --enable-jit --enable-cpp --enable-unicode-properties'
DLLTOOL='dlltool'
DSYMUTIL='dsymutil'
DUMPBIN=''
ECHO_C='\c'
ECHO_N=''
ECHO_T=''
EGREP='/usr/bin/grep -E'
EXEEXT=''
EXTRA_LIBPCRE16_LDFLAGS='                         -version-info 2:13:2'
EXTRA_LIBPCRE32_LDFLAGS='                         -version-info 0:13:0'
EXTRA_LIBPCRECPP_LDFLAGS='                            -version-info 0:2:0                           '
EXTRA_LIBPCREPOSIX_LDFLAGS='                              -version-info 0:7:0'
EXTRA_LIBPCRE_LDFLAGS='                         -version-info 3:13:2'
FGREP='/usr/bin/grep -F'
GCOV_CFLAGS=''
GCOV_CXXFLAGS=''
GCOV_LIBS=''
GENHTML=''
GREP='/usr/bin/grep'
HAVE_VISIBILITY='1'
INSTALL_DATA='${INSTALL} -m 644'
INSTALL_PROGRAM='${INSTALL}'
INSTALL_SCRIPT='${INSTALL}'
INSTALL_STRIP_PROGRAM='$(install_sh) -c -s'
LCOV=''
LD='/Users/tpetr/work/r2c/emsdk/upstream/emscripten/emcc'
LDFLAGS=''
LIBBZ2=''
LIBOBJS=''
LIBREADLINE=''
LIBS=''
LIBTOOL='$(SHELL) $(top_builddir)/libtool'
LIBZ=''
LIPO='lipo'
LN_S='ln -s'
LTLIBOBJS=''
LT_SYS_LIBRARY_PATH=''
MAKEINFO='${SHELL} '\''/Users/tpetr/work/r2c/pcre-ocaml-js/pcre-8.45/missing'\'' makeinfo'
MANIFEST_TOOL=':'
MKDIR_P='./install-sh -c -d'
NM='/Users/tpetr/work/r2c/emsdk/upstream/bin/llvm-nm'
NMEDIT='nmedit'
OBJDUMP='objdump'
OBJEXT='o'
OTOOL64=':'
OTOOL='otool'
PACKAGE='pcre'
PACKAGE_BUGREPORT=''
PACKAGE_NAME='PCRE'
PACKAGE_STRING='PCRE 8.45'
PACKAGE_TARNAME='pcre'
PACKAGE_URL=''
PACKAGE_VERSION='8.45'
PATH_SEPARATOR=':'
PCRE_DATE='2021-06-15'
PCRE_MAJOR='8'
PCRE_MINOR='45'
PCRE_PRERELEASE=''
PCRE_STATIC_CFLAG=''
PKG_CONFIG=''
PKG_CONFIG_LIBDIR='/Users/tpetr/work/r2c/pcre-ocaml-js/.emscripten-cache/sysroot/local/lib/pkgconfig:/Users/tpetr/work/r2c/pcre-ocaml-js/.emscripten-cache/sysroot/lib/pkgconfig'
PKG_CONFIG_PATH=''
PTHREAD_CC=''
PTHREAD_CFLAGS=''
PTHREAD_LIBS=''
RANLIB='/Users/tpetr/work/r2c/emsdk/upstream/emscripten/emranlib'
SED='/usr/bin/sed'
SET_MAKE=''
SHELL='/bin/sh'
SHTOOL=''
STRIP='strip'
VALGRIND_CFLAGS=''
VALGRIND_LIBS=''
VERSION='8.45'
VISIBILITY_CFLAGS='-fvisibility=hidden'
VISIBILITY_CXXFLAGS='-fvisibility=hidden -fvisibility-inlines-hidden'
WITH_GCOV_FALSE=''
WITH_GCOV_TRUE='#'
WITH_JIT_FALSE=''
WITH_JIT_TRUE='#'
WITH_PCRE16_FALSE=''
WITH_PCRE16_TRUE='#'
WITH_PCRE32_FALSE=''
WITH_PCRE32_TRUE='#'
WITH_PCRE8_FALSE='#'
WITH_PCRE8_TRUE=''
WITH_PCRE_CPP_FALSE='#'
WITH_PCRE_CPP_TRUE=''
WITH_REBUILD_CHARTABLES_FALSE=''
WITH_REBUILD_CHARTABLES_TRUE='#'
WITH_UTF_FALSE='#'
WITH_UTF_TRUE=''
WITH_VALGRIND_FALSE=''
WITH_VALGRIND_TRUE='#'
ac_ct_AR=''
ac_ct_CC='/Users/tpetr/work/r2c/emsdk/upstream/emscripten/emcc'
ac_ct_CXX=''
ac_ct_DUMPBIN=''
am__EXEEXT_FALSE=''
am__EXEEXT_TRUE='#'
am__fastdepCC_FALSE='#'
am__fastdepCC_TRUE=''
am__fastdepCXX_FALSE='#'
am__fastdepCXX_TRUE=''
am__include='include'
am__isrc=''
am__leading_dot='.'
am__nodep='_no'
am__quote=''
am__tar='$${TAR-tar} chof - "$$tardir"'
am__untar='$${TAR-tar} xf -'
ax_pthread_config=''
bindir='${exec_prefix}/bin'
build='aarch64-apple-darwin22.2.0'
build_alias=''
build_cpu='aarch64'
build_os='darwin22.2.0'
build_vendor='apple'
datadir='${datarootdir}'
datarootdir='${prefix}/share'
docdir='${datarootdir}/doc/${PACKAGE_TARNAME}'
dvidir='${docdir}'
enable_cpp='yes'
enable_pcre16='no'
enable_pcre32='no'
enable_pcre8='yes'
exec_prefix='${prefix}'
host='aarch64-apple-darwin22.2.0'
host_alias=''
host_cpu='aarch64'
host_os='darwin22.2.0'
host_vendor='apple'
htmldir='${docdir}/html'
includedir='${prefix}/include'
infodir='${datarootdir}/info'
install_sh='${SHELL} /Users/tpetr/work/r2c/pcre-ocaml-js/pcre-8.45/install-sh'
libdir='${exec_prefix}/lib'
libexecdir='${exec_prefix}/libexec'
localedir='${datarootdir}/locale'
localstatedir='${prefix}/var'
mandir='${datarootdir}/man'
mkdir_p='$(MKDIR_P)'
oldincludedir='/usr/include'
pcre_have_bits_type_traits='0'
pcre_have_long_long='1'
pcre_have_type_traits='0'
pcre_have_ulong_long='1'
pdfdir='${docdir}'
prefix='/usr/local'
program_transform_name='s,x,x,'
psdir='${docdir}'
runstatedir='${localstatedir}/run'
sbindir='${exec_prefix}/sbin'
sharedstatedir='${prefix}/com'
sysconfdir='${prefix}/etc'
target_alias=''

## ----------- ##
## confdefs.h. ##
## ----------- ##

/* confdefs.h */
#define PACKAGE_NAME "PCRE"
#define PACKAGE_TARNAME "pcre"
#define PACKAGE_VERSION "8.45"
#define PACKAGE_STRING "PCRE 8.45"
#define PACKAGE_BUGREPORT ""
#define PACKAGE_URL ""
#define PACKAGE "pcre"
#define VERSION "8.45"
#define HAVE_STDIO_H 1
#define HAVE_STDLIB_H 1
#define HAVE_STRING_H 1
#define HAVE_INTTYPES_H 1
#define HAVE_STDINT_H 1
#define HAVE_STRINGS_H 1
#define HAVE_SYS_STAT_H 1
#define HAVE_SYS_TYPES_H 1
#define HAVE_UNISTD_H 1
#define STDC_HEADERS 1
#define HAVE_DLFCN_H 1
#define LT_OBJDIR ".libs/"
#define PCRE_EXP_DECL extern __attribute__ ((visibility ("default")))
#define PCRE_EXP_DEFN __attribute__ ((visibility ("default")))
#define PCRE_EXP_DATA_DEFN __attribute__ ((visibility ("default")))
#define PCREPOSIX_EXP_DECL extern __attribute__ ((visibility ("default")))
#define PCREPOSIX_EXP_DEFN extern __attribute__ ((visibility ("default")))
#define PCRECPP_EXP_DECL extern __attribute__ ((visibility ("default")))
#define PCRECPP_EXP_DEFN __attribute__ ((visibility ("default")))
#define HAVE_VISIBILITY 1
#define HAVE_LIMITS_H 1
#define HAVE_SYS_TYPES_H 1
#define HAVE_SYS_STAT_H 1
#define HAVE_DIRENT_H 1
#define HAVE_STRING 1
#define HAVE_STRTOLL 1
#define HAVE_LONG_LONG 1
#define HAVE_UNSIGNED_LONG_LONG 1
#define HAVE_BCOPY 1
#define HAVE_MEMMOVE 1
#define HAVE_STRERROR 1
#define SUPPORT_PCRE8 /**/
#define SUPPORT_UTF /**/
#define PCREGREP_BUFSIZE 20480
#define NEWLINE 10
#define LINK_SIZE 2
#define POSIX_MALLOC_THRESHOLD 10
#define PARENS_NEST_LIMIT 250
#define MATCH_LIMIT 10000000
#define MATCH_LIMIT_RECURSION MATCH_LIMIT
#define MAX_NAME_SIZE 32
#define MAX_NAME_COUNT 10000

configure: exit 0
